#
# A fatal error has been detected by the Java Runtime Environment:
#
#  SIGBUS (0xa) at pc=0x0000000108214417, pid=746, tid=0x0000000000004403
#
# JRE version: OpenJDK Runtime Environment (8.0_242) (build 1.8.0_242-release-1644-b3-6915495)
# Java VM: OpenJDK 64-Bit Server VM (25.242-b3-6915495 mixed mode bsd-amd64 compressed oops)
# Problematic frame:
# V  [libjvm.dylib+0x151417]  JavaFieldStream::JavaFieldStream(instanceKlassHandle)+0x15
#
# Failed to write core dump. Core dumps have been disabled. To enable core dumping, try "ulimit -c unlimited" before starting Java again
#
# If you would like to submit a bug report, please visit:
#   http://bugreport.java.com/bugreport/crash.jsp
#

---------------  T H R E A D  ---------------

Current thread (0x00007fae37809000):  JavaThread "C1 CompilerThread2" daemon [_thread_in_vm, id=17411, stack(0x00007000038e9000,0x00007000039e9000)]

siginfo: si_signo: 10 (SIGBUS), si_code: 2 (BUS_ADRERR), si_addr: 0x00000007d00152e0

Registers:
RAX=0x000000010a7a50e8, RBX=0x00007000039e7a40, RCX=0x00007000039e7b50, RDX=0x000000010af00500
RSP=0x00007000039e79f0, RBP=0x00007000039e7a30, RSI=0x00000007d0015218, RDI=0x00007000039e7a40
R8 =0x0000000000000002, R9 =0x000000010a7a5110, R10=0x0000000000000000, R11=0x000000000000002a
R12=0x00000007d0015218, R13=0x000000010af12520, R14=0x00007000039e7a40, R15=0x00000007d0015218
RIP=0x0000000108214417, EFLAGS=0x0000000000010206, ERR=0x0000000000000004
  TRAPNO=0x000000000000000e

Top of Stack: (sp=0x00007000039e79f0)
0x00007000039e79f0:   00007000039e7a90 00007000039e7a90
0x00007000039e7a00:   00007000039e7a30 0000000108214565
0x00007000039e7a10:   00007000039e7a40 000000010af00500
0x00007000039e7a20:   00007000039e7b50 00000007d0015218
0x00007000039e7a30:   00007000039e7ab0 0000000108358f1a
0x00007000039e7a40:   00007000039e7a80 0000000108397664
0x00007000039e7a50:   000000010a7a4530 000000010a7a4530
0x00007000039e7a60:   00007000039e7a90 000000010af00500
0x00007000039e7a70:   000000010af12530 00000007c0017230
0x00007000039e7a80:   00007000039e7b00 00000007d0015218
0x00007000039e7a90:   000000010af12520 00007fae381b9a10
0x00007000039e7aa0:   00007000039e7b50 000000010af00500
0x00007000039e7ab0:   00007000039e7b00 000000010835909e
0x00007000039e7ac0:   0000000000000000 0000000000000004
0x00007000039e7ad0:   00000007c0017230 00000007c0017230
0x00007000039e7ae0:   000000010af12520 00007fae381b9a10
0x00007000039e7af0:   00007000039e7b50 000000010af00500
0x00007000039e7b00:   00007000039e7b30 000000010835913e
0x00007000039e7b10:   000000010a7a4530 0000000000000016
0x00007000039e7b20:   00007000039e7b80 00007fae37b0ff80
0x00007000039e7b30:   00007000039e7bd0 0000000108210a86
0x00007000039e7b40:   000000010af00500 0000000000000000
0x00007000039e7b50:   000000010a7a4530 0000000000000000
0x00007000039e7b60:   0000000000000000 000000010af12520
0x00007000039e7b70:   00007fae3834f080 0000000000000000
0x00007000039e7b80:   000000010a7a4530 00007fae37809000
0x00007000039e7b90:   00007fae381b9a10 00007fae37809000
0x00007000039e7ba0:   01007fae0000000d 0000000000000000
0x00007000039e7bb0:   00007fae381bc4b0 00007fae37b0ff80
0x00007000039e7bc0:   000000000000000d 00007fae381b9a10
0x00007000039e7bd0:   00007000039e7c10 000000010820e220
0x00007000039e7be0:   00000001088ea8d0 00007fae37809000 

Instructions: (pc=0x0000000108214417)
0x00000001082143f7:   c4 10 5b 41 5c 41 5e 41 5f 5d c3 55 48 89 e5 41
0x0000000108214407:   57 41 56 41 54 53 48 83 ec 20 49 89 f4 49 89 fe
0x0000000108214417:   48 8b 9e c8 00 00 00 4c 8b be a0 01 00 00 48 89
0x0000000108214427:   5d d0 31 c0 48 89 45 d8 48 85 db 74 26 48 8d 05 

Register to memory mapping:

RAX=0x000000010a7a50e8 is pointing into metadata
RBX=0x00007000039e7a40 is pointing into the stack for thread: 0x00007fae37809000
RCX=0x00007000039e7b50 is pointing into the stack for thread: 0x00007fae37809000
RDX=0x000000010af00500 is an unknown value
RSP=0x00007000039e79f0 is pointing into the stack for thread: 0x00007fae37809000
RBP=0x00007000039e7a30 is pointing into the stack for thread: 0x00007fae37809000
RSI=0x00000007d0015218 is an unknown value
RDI=0x00007000039e7a40 is pointing into the stack for thread: 0x00007fae37809000
R8 =0x0000000000000002 is an unknown value
R9 =0x000000010a7a5110 is pointing into metadata
R10=0x0000000000000000 is an unknown value
R11=0x000000000000002a is an unknown value
R12=0x00000007d0015218 is an unknown value
R13=0x000000010af12520 is an unknown value
R14=0x00007000039e7a40 is pointing into the stack for thread: 0x00007fae37809000
R15=0x00000007d0015218 is an unknown value


Stack: [0x00007000038e9000,0x00007000039e9000],  sp=0x00007000039e79f0,  free space=1018k
Native frames: (J=compiled Java code, j=interpreted, Vv=VM code, C=native code)
V  [libjvm.dylib+0x151417]  JavaFieldStream::JavaFieldStream(instanceKlassHandle)+0x15
V  [libjvm.dylib+0x295f1a]  InstanceKlass::find_local_field(Symbol*, Symbol*, fieldDescriptor*) const+0x2c
V  [libjvm.dylib+0x29609e]  InstanceKlass::find_interface_field(Symbol*, Symbol*, fieldDescriptor*) const+0x40
V  [libjvm.dylib+0x29613e]  InstanceKlass::find_field(Symbol*, Symbol*, fieldDescriptor*) const+0x36
V  [libjvm.dylib+0x14da86]  ciField::ciField(ciInstanceKlass*, int)+0x30a
V  [libjvm.dylib+0x14b220]  ciEnv::get_field_by_index_impl(ciInstanceKlass*, int)+0x62
V  [libjvm.dylib+0x14b357]  ciEnv::get_field_by_index(ciInstanceKlass*, int)+0xe7
V  [libjvm.dylib+0x161ac6]  ciBytecodeStream::get_field(bool&)+0x50
V  [libjvm.dylib+0xdd1eb]  GraphBuilder::access_field(Bytecodes::Code)+0x27
V  [libjvm.dylib+0xe090a]  GraphBuilder::iterate_bytecodes_for_block(int)+0x1d4
V  [libjvm.dylib+0xe22b8]  GraphBuilder::iterate_all_blocks(bool)+0x2e
V  [libjvm.dylib+0xe4944]  GraphBuilder::try_inline_full(ciMethod*, bool, Bytecodes::Code, Instruction*)+0x97a
V  [libjvm.dylib+0xdf368]  GraphBuilder::try_inline(ciMethod*, bool, Bytecodes::Code, Instruction*)+0xd6
V  [libjvm.dylib+0xdeb2f]  GraphBuilder::invoke(Bytecodes::Code)+0x7f7
V  [libjvm.dylib+0xe08fa]  GraphBuilder::iterate_bytecodes_for_block(int)+0x1c4
V  [libjvm.dylib+0xe22f3]  GraphBuilder::iterate_all_blocks(bool)+0x69
V  [libjvm.dylib+0xe4944]  GraphBuilder::try_inline_full(ciMethod*, bool, Bytecodes::Code, Instruction*)+0x97a
V  [libjvm.dylib+0xdf368]  GraphBuilder::try_inline(ciMethod*, bool, Bytecodes::Code, Instruction*)+0xd6
V  [libjvm.dylib+0xdeb2f]  GraphBuilder::invoke(Bytecodes::Code)+0x7f7
V  [libjvm.dylib+0xe08fa]  GraphBuilder::iterate_bytecodes_for_block(int)+0x1c4
V  [libjvm.dylib+0xe22b8]  GraphBuilder::iterate_all_blocks(bool)+0x2e
V  [libjvm.dylib+0xe4944]  GraphBuilder::try_inline_full(ciMethod*, bool, Bytecodes::Code, Instruction*)+0x97a
V  [libjvm.dylib+0xdf368]  GraphBuilder::try_inline(ciMethod*, bool, Bytecodes::Code, Instruction*)+0xd6
V  [libjvm.dylib+0xdeb2f]  GraphBuilder::invoke(Bytecodes::Code)+0x7f7
V  [libjvm.dylib+0xe08fa]  GraphBuilder::iterate_bytecodes_for_block(int)+0x1c4
V  [libjvm.dylib+0xe22f3]  GraphBuilder::iterate_all_blocks(bool)+0x69
V  [libjvm.dylib+0xe30b4]  GraphBuilder::GraphBuilder(Compilation*, IRScope*)+0x360
V  [libjvm.dylib+0xe8678]  IRScope::IRScope(Compilation*, IRScope*, int, ciMethod*, int, bool)+0x138
V  [libjvm.dylib+0xe8a7d]  IR::IR(Compilation*, ciMethod*, int)+0x87
V  [libjvm.dylib+0xd52e1]  Compilation::build_hir()+0xa1
V  [libjvm.dylib+0xd5ab0]  Compilation::compile_java_method()+0x58
V  [libjvm.dylib+0xd5cec]  Compilation::compile_method()+0x58
V  [libjvm.dylib+0xd5ee3]  Compilation::Compilation(AbstractCompiler*, ciEnv*, ciMethod*, int, BufferBlob*)+0x14f
V  [libjvm.dylib+0xd69cf]  Compiler::compile_method(ciEnv*, ciMethod*, int)+0x81
V  [libjvm.dylib+0x1a3372]  CompileBroker::invoke_compiler_on_method(CompileTask*)+0x634
V  [libjvm.dylib+0x1a2882]  CompileBroker::compiler_thread_loop()+0x268
V  [libjvm.dylib+0x527e84]  JavaThread::thread_main_inner()+0x82
V  [libjvm.dylib+0x527d49]  JavaThread::run()+0x199
V  [libjvm.dylib+0x45b9eb]  java_start(Thread*)+0xfa
C  [libsystem_pthread.dylib+0x333d]  _pthread_body+0x7e
C  [libsystem_pthread.dylib+0x62a7]  _pthread_start+0x46
C  [libsystem_pthread.dylib+0x2425]  thread_start+0xd
C  0x0000000000000000


Current CompileTask:
C1:   4589 4404       3       com.sun.org.apache.xerces.internal.impl.XMLDocumentFragmentScannerImpl::getString (76 bytes)


---------------  P R O C E S S  ---------------

Java Threads: ( => current thread )
  0x00007fae3c275800 JavaThread "pool-1-thread-1" [_thread_blocked, id=128515, stack(0x000070000cc9f000,0x000070000cd9f000)]
  0x00007fae3c0d4000 JavaThread "Cache worker for Build Output Cleanup Cache (/Users/lukakordzaia/StudioProjects/StreamFlow/.gradle/buildOutputCleanup)" [_thread_blocked, id=89859, stack(0x000070000cb9c000,0x000070000cc9c000)]
  0x00007fae382ef800 JavaThread "jar transforms Thread 119" [_thread_blocked, id=129027, stack(0x000070000ca99000,0x000070000cb99000)]
  0x00007fae36a4f000 JavaThread "jar transforms Thread 118" [_thread_blocked, id=129283, stack(0x000070000c996000,0x000070000ca96000)]
  0x00007fae370f1000 JavaThread "jar transforms Thread 117" [_thread_blocked, id=129539, stack(0x000070000c893000,0x000070000c993000)]
  0x00007fae36777800 JavaThread "jar transforms Thread 116" [_thread_blocked, id=88835, stack(0x000070000c790000,0x000070000c890000)]
  0x00007fae36a4e000 JavaThread "jar transforms Thread 115" [_thread_blocked, id=130051, stack(0x000070000c68d000,0x000070000c78d000)]
  0x00007fae370f0800 JavaThread "jar transforms Thread 114" [_thread_blocked, id=130307, stack(0x000070000c58a000,0x000070000c68a000)]
  0x00007fae3c1e1000 JavaThread "jar transforms Thread 113" [_thread_blocked, id=87811, stack(0x000070000c487000,0x000070000c587000)]
  0x00007fae36776800 JavaThread "jar transforms Thread 112" [_thread_blocked, id=130563, stack(0x000070000c384000,0x000070000c484000)]
  0x00007fae38150000 JavaThread "jar transforms Thread 111" [_thread_blocked, id=87299, stack(0x000070000c281000,0x000070000c381000)]
  0x00007fae36a4d800 JavaThread "jar transforms Thread 110" [_thread_blocked, id=63491, stack(0x000070000c17e000,0x000070000c27e000)]
  0x00007fae36a4c800 JavaThread "jar transforms Thread 109" [_thread_blocked, id=63235, stack(0x000070000c07b000,0x000070000c17b000)]
  0x00007fae3c1e0000 JavaThread "jar transforms Thread 108" [_thread_blocked, id=64515, stack(0x000070000bf78000,0x000070000c078000)]
  0x00007fae3814f800 JavaThread "jar transforms Thread 107" [_thread_blocked, id=65027, stack(0x000070000be75000,0x000070000bf75000)]
  0x00007fae363c5000 JavaThread "jar transforms Thread 106" [_thread_blocked, id=62979, stack(0x000070000bd72000,0x000070000be72000)]
  0x00007fae36a4c000 JavaThread "jar transforms Thread 105" [_thread_blocked, id=62467, stack(0x000070000bc6f000,0x000070000bd6f000)]
  0x00007fae3c1df800 JavaThread "jar transforms Thread 104" [_thread_blocked, id=65539, stack(0x000070000bb6c000,0x000070000bc6c000)]
  0x00007fae363c4800 JavaThread "jar transforms Thread 103" [_thread_blocked, id=66051, stack(0x000070000ba69000,0x000070000bb69000)]
  0x00007fae36a4b000 JavaThread "jar transforms Thread 102" [_thread_blocked, id=66563, stack(0x000070000b966000,0x000070000ba66000)]
  0x00007fae3c1de800 JavaThread "jar transforms Thread 101" [_thread_blocked, id=61699, stack(0x000070000b863000,0x000070000b963000)]
  0x00007fae3655b000 JavaThread "jar transforms Thread 100" [_thread_blocked, id=67075, stack(0x000070000b760000,0x000070000b860000)]
  0x00007fae36a4a800 JavaThread "jar transforms Thread 99" [_thread_blocked, id=67331, stack(0x000070000b65d000,0x000070000b75d000)]
  0x00007fae370ee000 JavaThread "jar transforms Thread 98" [_thread_blocked, id=61187, stack(0x000070000b55a000,0x000070000b65a000)]
  0x00007fae370ed000 JavaThread "jar transforms Thread 97" [_thread_blocked, id=60675, stack(0x000070000b457000,0x000070000b557000)]
  0x00007fae3655a000 JavaThread "jar transforms Thread 96" [_thread_blocked, id=60419, stack(0x000070000b354000,0x000070000b454000)]
  0x00007fae36a49800 JavaThread "jar transforms Thread 95" [_thread_blocked, id=59907, stack(0x000070000b251000,0x000070000b351000)]
  0x00007fae3bc80800 JavaThread "jar transforms Thread 94" [_thread_blocked, id=59651, stack(0x000070000b14e000,0x000070000b24e000)]
  0x00007fae3c1dc800 JavaThread "jar transforms Thread 93" [_thread_blocked, id=68611, stack(0x000070000b04b000,0x000070000b14b000)]
  0x00007fae3bc7f800 JavaThread "jar transforms Thread 92" [_thread_blocked, id=69123, stack(0x000070000af48000,0x000070000b048000)]
  0x00007fae3c1dc000 JavaThread "jar transforms Thread 91" [_thread_blocked, id=69635, stack(0x000070000ae45000,0x000070000af45000)]
  0x00007fae36266000 JavaThread "jar transforms Thread 90" [_thread_blocked, id=59395, stack(0x000070000ad42000,0x000070000ae42000)]
  0x00007fae3bc7f000 JavaThread "jar transforms Thread 89" [_thread_blocked, id=58883, stack(0x000070000ac3f000,0x000070000ad3f000)]
  0x00007fae3c1db000 JavaThread "jar transforms Thread 88" [_thread_blocked, id=70147, stack(0x000070000ab3c000,0x000070000ac3c000)]
  0x00007fae3bc7e000 JavaThread "jar transforms Thread 87" [_thread_blocked, id=70403, stack(0x000070000aa39000,0x000070000ab39000)]
  0x00007fae3902f000 JavaThread "jar transforms Thread 86" [_thread_blocked, id=70915, stack(0x000070000a936000,0x000070000aa36000)]
  0x00007fae3c1da800 JavaThread "jar transforms Thread 85" [_thread_blocked, id=57859, stack(0x000070000a833000,0x000070000a933000)]
  0x00007fae3bc7d800 JavaThread "jar transforms Thread 84" [_thread_blocked, id=57603, stack(0x000070000a730000,0x000070000a830000)]
  0x00007fae3902e800 JavaThread "jar transforms Thread 83" [_thread_blocked, id=57347, stack(0x000070000a62d000,0x000070000a72d000)]
  0x00007fae3902d800 JavaThread "jar transforms Thread 82" [_thread_blocked, id=71683, stack(0x000070000a52a000,0x000070000a62a000)]
  0x00007fae3c1d9800 JavaThread "jar transforms Thread 81" [_thread_blocked, id=56835, stack(0x000070000a427000,0x000070000a527000)]
  0x00007fae3bc7c800 JavaThread "jar transforms Thread 80" [_thread_blocked, id=72195, stack(0x000070000a324000,0x000070000a424000)]
  0x00007fae3902d000 JavaThread "jar transforms Thread 79" [_thread_blocked, id=56067, stack(0x000070000a221000,0x000070000a321000)]
  0x00007fae3c1d9000 JavaThread "jar transforms Thread 78" [_thread_blocked, id=72451, stack(0x000070000a11e000,0x000070000a21e000)]
  0x00007fae3bc7c000 JavaThread "jar transforms Thread 77" [_thread_blocked, id=55555, stack(0x000070000a01b000,0x000070000a11b000)]
  0x00007fae3902c000 JavaThread "jar transforms Thread 76" [_thread_blocked, id=72963, stack(0x0000700009f18000,0x000070000a018000)]
  0x00007fae3c1d8000 JavaThread "jar transforms Thread 75" [_thread_blocked, id=54787, stack(0x0000700009e15000,0x0000700009f15000)]
  0x00007fae36294800 JavaThread "jar transforms Thread 74" [_thread_blocked, id=54531, stack(0x0000700009d12000,0x0000700009e12000)]
  0x00007fae3bc7b000 JavaThread "jar transforms Thread 73" [_thread_blocked, id=73731, stack(0x0000700009c0f000,0x0000700009d0f000)]
  0x00007fae36359000 JavaThread "jar transforms Thread 72" [_thread_blocked, id=73987, stack(0x0000700009b0c000,0x0000700009c0c000)]
  0x00007fae3bc7a800 JavaThread "jar transforms Thread 71" [_thread_blocked, id=74243, stack(0x0000700009a09000,0x0000700009b09000)]
  0x00007fae36358800 JavaThread "jar transforms Thread 70" [_thread_blocked, id=74499, stack(0x0000700009906000,0x0000700009a06000)]
  0x00007fae3c1d7800 JavaThread "jar transforms Thread 69" [_thread_blocked, id=75011, stack(0x0000700009803000,0x0000700009903000)]
  0x00007fae3bc79800 JavaThread "jar transforms Thread 68" [_thread_blocked, id=75523, stack(0x0000700009700000,0x0000700009800000)]
  0x00007fae3902b800 JavaThread "jar transforms Thread 67" [_thread_blocked, id=53251, stack(0x00007000095fd000,0x00007000096fd000)]
  0x00007fae3902a800 JavaThread "jar transforms Thread 66" [_thread_blocked, id=52995, stack(0x00007000094fa000,0x00007000095fa000)]
  0x00007fae3c1d6800 JavaThread "jar transforms Thread 65" [_thread_blocked, id=76291, stack(0x00007000093f7000,0x00007000094f7000)]
  0x00007fae3bc79000 JavaThread "jar transforms Thread 64" [_thread_blocked, id=76547, stack(0x00007000092f4000,0x00007000093f4000)]
  0x00007fae3902a000 JavaThread "jar transforms Thread 63" [_thread_blocked, id=76803, stack(0x00007000091f1000,0x00007000092f1000)]
  0x00007fae3c1d6000 JavaThread "jar transforms Thread 62" [_thread_blocked, id=77059, stack(0x00007000090ee000,0x00007000091ee000)]
  0x00007fae3bc78000 JavaThread "jar transforms Thread 61" [_thread_blocked, id=51715, stack(0x0000700008feb000,0x00007000090eb000)]
  0x00007fae39029000 JavaThread "jar transforms Thread 60" [_thread_blocked, id=77571, stack(0x0000700008ee8000,0x0000700008fe8000)]
  0x00007fae39028800 JavaThread "jar transforms Thread 59" [_thread_blocked, id=51459, stack(0x0000700008de5000,0x0000700008ee5000)]
  0x00007fae39322000 JavaThread "jar transforms Thread 58" [_thread_blocked, id=50947, stack(0x0000700008ce2000,0x0000700008de2000)]
  0x00007fae39321000 JavaThread "jar transforms Thread 57" [_thread_blocked, id=50435, stack(0x0000700008bdf000,0x0000700008cdf000)]
  0x00007fae3c1ff800 JavaThread "jar transforms Thread 56" [_thread_blocked, id=78339, stack(0x0000700008adc000,0x0000700008bdc000)]
  0x00007fae3c1ff000 JavaThread "jar transforms Thread 55" [_thread_blocked, id=78851, stack(0x00007000089d9000,0x0000700008ad9000)]
  0x00007fae39320800 JavaThread "jar transforms Thread 54" [_thread_blocked, id=50179, stack(0x00007000088d6000,0x00007000089d6000)]
  0x00007fae3c1fe000 JavaThread "jar transforms Thread 53" [_thread_blocked, id=79619, stack(0x00007000087d3000,0x00007000088d3000)]
  0x00007fae3931f800 JavaThread "jar transforms Thread 52" [_thread_blocked, id=79875, stack(0x00007000086d0000,0x00007000087d0000)]
  0x00007fae3c1fd800 JavaThread "jar transforms Thread 51" [_thread_blocked, id=80387, stack(0x00007000085cd000,0x00007000086cd000)]
  0x00007fae3658e000 JavaThread "jar transforms Thread 50" [_thread_blocked, id=49667, stack(0x00007000084ca000,0x00007000085ca000)]
  0x00007fae3931f000 JavaThread "jar transforms Thread 49" [_thread_blocked, id=49411, stack(0x00007000083c7000,0x00007000084c7000)]
  0x00007fae3c179800 JavaThread "jar transforms Thread 48" [_thread_blocked, id=49155, stack(0x00007000082c4000,0x00007000083c4000)]
  0x00007fae3c179000 JavaThread "jar transforms Thread 47" [_thread_blocked, id=48643, stack(0x00007000081c1000,0x00007000082c1000)]
  0x00007fae3658d000 JavaThread "jar transforms Thread 46" [_thread_blocked, id=81667, stack(0x00007000080be000,0x00007000081be000)]
  0x00007fae3931e000 JavaThread "jar transforms Thread 45" [_thread_blocked, id=81923, stack(0x0000700007fbb000,0x00007000080bb000)]
  0x00007fae3c1d5000 JavaThread "jar transforms Thread 44" [_thread_blocked, id=82435, stack(0x0000700007eb8000,0x0000700007fb8000)]
  0x00007fae365a2800 JavaThread "jar transforms Thread 43" [_thread_blocked, id=48131, stack(0x0000700007db5000,0x0000700007eb5000)]
  0x00007fae3931d800 JavaThread "jar transforms Thread 42" [_thread_blocked, id=47875, stack(0x0000700007cb2000,0x0000700007db2000)]
  0x00007fae3bc31800 JavaThread "jar transforms Thread 41" [_thread_blocked, id=83459, stack(0x0000700007baf000,0x0000700007caf000)]
  0x00007fae365a1800 JavaThread "jar transforms Thread 40" [_thread_blocked, id=83971, stack(0x0000700007aac000,0x0000700007bac000)]
  0x00007fae3c178000 JavaThread "jar transforms Thread 39" [_thread_blocked, id=84483, stack(0x00007000079a9000,0x0000700007aa9000)]
  0x00007fae3bc31000 JavaThread "jar transforms Thread 38" [_thread_blocked, id=84739, stack(0x00007000078a6000,0x00007000079a6000)]
  0x00007fae3b077800 JavaThread "jar transforms Thread 37" [_thread_blocked, id=85251, stack(0x00007000077a3000,0x00007000078a3000)]
  0x00007fae3bc30000 JavaThread "jar transforms Thread 36" [_thread_blocked, id=47107, stack(0x00007000076a0000,0x00007000077a0000)]
  0x00007fae3b080800 JavaThread "jar transforms Thread 35" [_thread_blocked, id=46851, stack(0x000070000759d000,0x000070000769d000)]
  0x00007fae3c177800 JavaThread "jar transforms Thread 34" [_thread_blocked, id=85763, stack(0x000070000749a000,0x000070000759a000)]
  0x00007fae3bc2f800 JavaThread "jar transforms Thread 33" [_thread_blocked, id=46083, stack(0x0000700007397000,0x0000700007497000)]
  0x00007fae3c176800 JavaThread "jar transforms Thread 32" [_thread_blocked, id=86019, stack(0x0000700007294000,0x0000700007394000)]
  0x00007fae3bc2e800 JavaThread "jar transforms Thread 31" [_thread_blocked, id=45571, stack(0x0000700007191000,0x0000700007291000)]
  0x00007fae3bc2e000 JavaThread "jar transforms Thread 30" [_thread_blocked, id=45315, stack(0x000070000708e000,0x000070000718e000)]
  0x00007fae39435000 JavaThread "jar transforms Thread 29" [_thread_blocked, id=44803, stack(0x0000700006f8b000,0x000070000708b000)]
  0x00007fae3c176000 JavaThread "jar transforms Thread 28" [_thread_blocked, id=44547, stack(0x0000700006e88000,0x0000700006f88000)]
  0x00007fae3c175000 JavaThread "jar transforms Thread 27" [_thread_blocked, id=87043, stack(0x0000700006d85000,0x0000700006e85000)]
  0x00007fae3c174800 JavaThread "jar transforms Thread 26" [_thread_blocked, id=43779, stack(0x0000700006c82000,0x0000700006d82000)]
  0x00007fae3bc2d000 JavaThread "jar transforms Thread 25" [_thread_blocked, id=31235, stack(0x0000700006b7f000,0x0000700006c7f000)]
  0x00007fae39434800 JavaThread "jar transforms Thread 24" [_thread_blocked, id=30979, stack(0x0000700006a7c000,0x0000700006b7c000)]
  0x00007fae3c173800 JavaThread "jar transforms Thread 23" [_thread_blocked, id=30467, stack(0x0000700006979000,0x0000700006a79000)]
  0x00007fae39433800 JavaThread "jar transforms Thread 22" [_thread_blocked, id=32003, stack(0x0000700006876000,0x0000700006976000)]
  0x00007fae3c173000 JavaThread "jar transforms Thread 21" [_thread_blocked, id=32259, stack(0x0000700006773000,0x0000700006873000)]
  0x00007fae365c0800 JavaThread "jar transforms Thread 20" [_thread_blocked, id=29699, stack(0x0000700006670000,0x0000700006770000)]
  0x00007fae3c1fc800 JavaThread "jar transforms Thread 19" [_thread_blocked, id=32771, stack(0x000070000656d000,0x000070000666d000)]
  0x00007fae3bc2c800 JavaThread "jar transforms Thread 18" [_thread_blocked, id=33283, stack(0x000070000646a000,0x000070000656a000)]
  0x00007fae3931c800 JavaThread "jar transforms Thread 17" [_thread_blocked, id=33539, stack(0x0000700006367000,0x0000700006467000)]
  0x00007fae365c0000 JavaThread "jar transforms Thread 16" [_thread_blocked, id=33795, stack(0x0000700006264000,0x0000700006364000)]
  0x00007fae3931c000 JavaThread "jar transforms Thread 15" [_thread_blocked, id=28675, stack(0x0000700006161000,0x0000700006261000)]
  0x00007fae3c1fc000 JavaThread "jar transforms Thread 14" [_thread_blocked, id=28419, stack(0x000070000605e000,0x000070000615e000)]
  0x00007fae36606800 JavaThread "jar transforms Thread 13" [_thread_blocked, id=28163, stack(0x0000700005f5b000,0x000070000605b000)]
  0x00007fae3bb37000 JavaThread "jar transforms Thread 12" [_thread_blocked, id=27907, stack(0x0000700005e58000,0x0000700005f58000)]
  0x00007fae3bc39800 JavaThread "jar transforms Thread 11" [_thread_blocked, id=35075, stack(0x0000700005d55000,0x0000700005e55000)]
  0x00007fae382f7000 JavaThread "jar transforms Thread 10" [_thread_blocked, id=27395, stack(0x0000700005c52000,0x0000700005d52000)]
  0x00007fae3790c800 JavaThread "jar transforms Thread 9" [_thread_blocked, id=35587, stack(0x0000700005b4f000,0x0000700005c4f000)]
  0x00007fae3bc39000 JavaThread "jar transforms Thread 8" [_thread_blocked, id=35843, stack(0x0000700005a4c000,0x0000700005b4c000)]
  0x00007fae3790b800 JavaThread "jar transforms Thread 7" [_thread_blocked, id=26883, stack(0x0000700005949000,0x0000700005a49000)]
  0x00007fae3bc3c800 JavaThread "jar transforms Thread 6" [_thread_blocked, id=36611, stack(0x0000700005846000,0x0000700005946000)]
  0x00007fae3b4d8800 JavaThread "jar transforms Thread 5" [_thread_blocked, id=36867, stack(0x0000700005743000,0x0000700005843000)]
  0x00007fae3c17c000 JavaThread "jar transforms Thread 4" [_thread_blocked, id=26371, stack(0x0000700005640000,0x0000700005740000)]
  0x00007fae3bbec800 JavaThread "jar transforms Thread 3" [_thread_blocked, id=37635, stack(0x000070000553d000,0x000070000563d000)]
  0x00007fae36e0c000 JavaThread "jar transforms Thread 2" [_thread_blocked, id=26115, stack(0x000070000543a000,0x000070000553a000)]
  0x00007fae36606000 JavaThread "Build operations Thread 4" [_thread_blocked, id=25859, stack(0x0000700005337000,0x0000700005437000)]
  0x00007fae3c172000 JavaThread "Build operations Thread 3" [_thread_blocked, id=25603, stack(0x0000700005234000,0x0000700005334000)]
  0x00007fae3790b000 JavaThread "Build operations Thread 2" [_thread_blocked, id=38915, stack(0x0000700005131000,0x0000700005231000)]
  0x00007fae3790a000 JavaThread "Build operations" [_thread_blocked, id=25091, stack(0x000070000502e000,0x000070000512e000)]
  0x00007fae367e5000 JavaThread "Cache worker for file content cache (/Users/lukakordzaia/.gradle/caches/6.5/fileContent)" [_thread_blocked, id=24579, stack(0x0000700004f2b000,0x000070000502b000)]
  0x00007fae36c31800 JavaThread "jar transforms" [_thread_blocked, id=24067, stack(0x0000700004e28000,0x0000700004f28000)]
  0x00007fae36c31000 JavaThread "Cache worker for execution history cache (/Users/lukakordzaia/.gradle/caches/6.5/executionHistory)" [_thread_blocked, id=39171, stack(0x0000700004d25000,0x0000700004e25000)]
  0x00007fae3a625000 JavaThread "Cache worker for cache directory md-rule (/Users/lukakordzaia/.gradle/caches/6.5/md-rule)" [_thread_blocked, id=23555, stack(0x0000700004c22000,0x0000700004d22000)]
  0x00007fae378c5800 JavaThread "Cache worker for cache directory md-supplier (/Users/lukakordzaia/.gradle/caches/6.5/md-supplier)" [_thread_blocked, id=39939, stack(0x0000700004b1f000,0x0000700004c1f000)]
  0x00007fae36b80000 JavaThread "Cache worker for checksums cache (/Users/lukakordzaia/StudioProjects/StreamFlow/.gradle/checksums)" [_thread_blocked, id=40195, stack(0x0000700004a1c000,0x0000700004b1c000)]
  0x00007fae3a56c000 JavaThread "Cache worker for file hash cache (/Users/lukakordzaia/StudioProjects/StreamFlow/.gradle/6.5/fileHashes)" [_thread_blocked, id=40707, stack(0x0000700004919000,0x0000700004a19000)]
  0x00007fae36e34000 JavaThread "Cache worker for file hash cache (/Users/lukakordzaia/.gradle/caches/6.5/fileHashes)" [_thread_blocked, id=40963, stack(0x0000700004816000,0x0000700004916000)]
  0x00007fae36e21000 JavaThread "File lock request listener" [_thread_in_native, id=41475, stack(0x0000700004713000,0x0000700004813000)]
  0x00007fae37d11800 JavaThread "Cache worker for journal cache (/Users/lukakordzaia/.gradle/caches/journal-1)" [_thread_blocked, id=41731, stack(0x0000700004610000,0x0000700004710000)]
  0x00007fae36de1000 JavaThread "Thread-9" [_thread_blocked, id=41987, stack(0x000070000450d000,0x000070000460d000)]
  0x00007fae3740e800 JavaThread "Stdin handler" [_thread_blocked, id=42499, stack(0x000070000440a000,0x000070000450a000)]
  0x00007fae3740b800 JavaThread "Asynchronous log dispatcher for DefaultDaemonConnection: socket connection from /127.0.0.1:49434 to /127.0.0.1:49435" [_thread_blocked, id=42755, stack(0x0000700004307000,0x0000700004407000)]
  0x00007fae37cf7800 JavaThread "Daemon worker" [_thread_in_vm, id=43011, stack(0x0000700004204000,0x0000700004304000)]
  0x00007fae36756800 JavaThread "Cancel handler" [_thread_blocked, id=21763, stack(0x0000700004101000,0x0000700004201000)]
  0x00007fae373f8800 JavaThread "Handler for socket connection from /127.0.0.1:49434 to /127.0.0.1:49435" [_thread_in_native, id=15363, stack(0x0000700003ffe000,0x00007000040fe000)]
  0x00007fae36e13800 JavaThread "Daemon" [_thread_blocked, id=15875, stack(0x0000700003efb000,0x0000700003ffb000)]
  0x00007fae36ded800 JavaThread "Daemon periodic checks" [_thread_blocked, id=14595, stack(0x0000700003df8000,0x0000700003ef8000)]
  0x00007fae36644000 JavaThread "Incoming local TCP Connector on port 49434" [_thread_in_native, id=14339, stack(0x0000700003cf5000,0x0000700003df5000)]
  0x00007fae36748000 JavaThread "Daemon health stats" [_thread_blocked, id=13827, stack(0x0000700003bf2000,0x0000700003cf2000)]
  0x00007fae37824000 JavaThread "Service Thread" daemon [_thread_blocked, id=16899, stack(0x00007000039ec000,0x0000700003aec000)]
=>0x00007fae37809000 JavaThread "C1 CompilerThread2" daemon [_thread_in_vm, id=17411, stack(0x00007000038e9000,0x00007000039e9000)]
  0x00007fae37010000 JavaThread "C2 CompilerThread1" daemon [_thread_in_native, id=17667, stack(0x00007000037e6000,0x00007000038e6000)]
  0x00007fae36036000 JavaThread "C2 CompilerThread0" daemon [_thread_in_native, id=18179, stack(0x00007000036e3000,0x00007000037e3000)]
  0x00007fae36034800 JavaThread "Signal Dispatcher" daemon [_thread_blocked, id=18691, stack(0x00007000035e0000,0x00007000036e0000)]
  0x00007fae37803000 JavaThread "Finalizer" daemon [_thread_blocked, id=20227, stack(0x00007000034dd000,0x00007000035dd000)]
  0x00007fae37800000 JavaThread "Reference Handler" daemon [_thread_blocked, id=20483, stack(0x00007000033da000,0x00007000034da000)]
  0x00007fae36813800 JavaThread "main" [_thread_blocked, id=9987, stack(0x0000700002dc8000,0x0000700002ec8000)]

Other Threads:
  0x00007fae3601d000 VMThread [stack: 0x00007000032d7000,0x00007000033d7000] [id=11267]
  0x00007fae37818000 WatcherThread [stack: 0x0000700003aef000,0x0000700003bef000] [id=16387]

VM state:not at safepoint (normal execution)

VM Mutex/Monitor currently owned by a thread:  ([mutex/lock_event])
[0x00007fae35d110e0] SystemDictionary_lock - owner thread: 0x0000000000000000

heap address: 0x0000000740000000, size: 2048 MB, Compressed Oops mode: Zero based, Oop shift amount: 3
Narrow klass base: 0x0000000000000000, Narrow klass shift: 3
Compressed class space size: 1073741824 Address: 0x00000007c0000000

Heap:
 PSYoungGen      total 259584K, used 67334K [0x0000000795580000, 0x00000007b2300000, 0x00000007c0000000)
  eden space 244224K, 21% used [0x0000000795580000,0x0000000798846630,0x00000007a4400000)
  from space 15360K, 99% used [0x00000007a4400000,0x00000007a52fb370,0x00000007a5300000)
  to   space 18944K, 0% used [0x00000007b1080000,0x00000007b1080000,0x00000007b2300000)
 ParOldGen       total 103424K, used 18742K [0x0000000740000000, 0x0000000746500000, 0x0000000795580000)
  object space 103424K, 18% used [0x0000000740000000,0x000000074124db50,0x0000000746500000)
 Metaspace       used 50193K, capacity 52096K, committed 52264K, reserved 1093632K
  class space    used 6701K, capacity 7124K, committed 7216K, reserved 1048576K

Card table byte_map: [0x0000000109c00000,0x000000010a001000] byte_map_base: 0x0000000106200000

Marking Bits: (ParMarkBitMap*) 0x00000001088ea3f8
 Begin Bits: [0x000000011b218000, 0x000000011d218000)
 End Bits:   [0x000000011d218000, 0x000000011f218000)

Polling page: 0x0000000108fd7000

CodeCache: size=245760Kb used=15011Kb max_used=15011Kb free=230748Kb
 bounds [0x000000010c218000, 0x000000010d0c8000, 0x000000011b218000]
 total_blobs=5141 nmethods=4391 adapters=663
 compilation: enabled

Compilation events (10 events):
Event: 4.562 Thread 0x00007fae37809000 nmethod 4401 0x000000010d0c4150 code [0x000000010d0c42c0, 0x000000010d0c4530]
Event: 4.562 Thread 0x00007fae37809000 4416       3       com.sun.org.apache.xerces.internal.util.XMLAttributesImpl::getQName (38 bytes)
Event: 4.563 Thread 0x00007fae37809000 nmethod 4416 0x000000010d0c4650 code [0x000000010d0c47c0, 0x000000010d0c4a50]
Event: 4.563 Thread 0x00007fae37809000 4411       3       com.sun.org.apache.xerces.internal.util.AugmentationsImpl$SmallContainer::clear (41 bytes)
Event: 4.563 Thread 0x00007fae37809000 nmethod 4411 0x000000010d0c4b90 code [0x000000010d0c4d20, 0x000000010d0c51d0]
Event: 4.563 Thread 0x00007fae37809000 4417       3       com.sun.org.apache.xerces.internal.util.XMLAttributesImpl::getURI (29 bytes)
Event: 4.563 Thread 0x00007fae37809000 nmethod 4417 0x000000010d0c5390 code [0x000000010d0c5500, 0x000000010d0c5730]
Event: 4.563 Thread 0x00007fae37809000 4410       3       com.sun.org.apache.xerces.internal.util.AugmentationsImpl::removeAllItems (8 bytes)
Event: 4.563 Thread 0x00007fae37809000 nmethod 4410 0x000000010d0c5850 code [0x000000010d0c59c0, 0x000000010d0c5be8]
Event: 4.563 Thread 0x00007fae37809000 4404       3       com.sun.org.apache.xerces.internal.impl.XMLDocumentFragmentScannerImpl::getString (76 bytes)

GC Heap History (10 events):
Event: 1.653 GC heap before
{Heap before GC invocations=5 (full 1):
 PSYoungGen      total 141824K, used 6640K [0x0000000795580000, 0x000000079ea80000, 0x00000007c0000000)
  eden space 131072K, 0% used [0x0000000795580000,0x0000000795580000,0x000000079d580000)
  from space 10752K, 61% used [0x000000079e000000,0x000000079e67c060,0x000000079ea80000)
  to   space 10752K, 0% used [0x000000079d580000,0x000000079d580000,0x000000079e000000)
 ParOldGen       total 175104K, used 414K [0x0000000740000000, 0x000000074ab00000, 0x0000000795580000)
  object space 175104K, 0% used [0x0000000740000000,0x0000000740067ad8,0x000000074ab00000)
 Metaspace       used 20577K, capacity 21216K, committed 21296K, reserved 1067008K
  class space    used 2886K, capacity 3074K, committed 3120K, reserved 1048576K
Event: 1.686 GC heap after
Heap after GC invocations=5 (full 1):
 PSYoungGen      total 141824K, used 0K [0x0000000795580000, 0x000000079ea80000, 0x00000007c0000000)
  eden space 131072K, 0% used [0x0000000795580000,0x0000000795580000,0x000000079d580000)
  from space 10752K, 0% used [0x000000079e000000,0x000000079e000000,0x000000079ea80000)
  to   space 10752K, 0% used [0x000000079d580000,0x000000079d580000,0x000000079e000000)
 ParOldGen       total 78848K, used 6561K [0x0000000740000000, 0x0000000744d00000, 0x0000000795580000)
  object space 78848K, 8% used [0x0000000740000000,0x00000007406684e0,0x0000000744d00000)
 Metaspace       used 20577K, capacity 21216K, committed 21296K, reserved 1067008K
  class space    used 2886K, capacity 3074K, committed 3120K, reserved 1048576K
}
Event: 2.646 GC heap before
{Heap before GC invocations=6 (full 1):
 PSYoungGen      total 141824K, used 131072K [0x0000000795580000, 0x000000079ea80000, 0x00000007c0000000)
  eden space 131072K, 100% used [0x0000000795580000,0x000000079d580000,0x000000079d580000)
  from space 10752K, 0% used [0x000000079e000000,0x000000079e000000,0x000000079ea80000)
  to   space 10752K, 0% used [0x000000079d580000,0x000000079d580000,0x000000079e000000)
 ParOldGen       total 78848K, used 6561K [0x0000000740000000, 0x0000000744d00000, 0x0000000795580000)
  object space 78848K, 8% used [0x0000000740000000,0x00000007406684e0,0x0000000744d00000)
 Metaspace       used 32499K, capacity 33538K, committed 33712K, reserved 1079296K
  class space    used 4444K, capacity 4685K, committed 4784K, reserved 1048576K
Event: 2.658 GC heap after
Heap after GC invocations=6 (full 1):
 PSYoungGen      total 141824K, used 10750K [0x0000000795580000, 0x00000007a6600000, 0x00000007c0000000)
  eden space 131072K, 0% used [0x0000000795580000,0x0000000795580000,0x000000079d580000)
  from space 10752K, 99% used [0x000000079d580000,0x000000079dfffbe8,0x000000079e000000)
  to   space 15872K, 0% used [0x00000007a5680000,0x00000007a5680000,0x00000007a6600000)
 ParOldGen       total 78848K, used 9958K [0x0000000740000000, 0x0000000744d00000, 0x0000000795580000)
  object space 78848K, 12% used [0x0000000740000000,0x00000007409b9b90,0x0000000744d00000)
 Metaspace       used 32499K, capacity 33538K, committed 33712K, reserved 1079296K
  class space    used 4444K, capacity 4685K, committed 4784K, reserved 1048576K
}
Event: 2.862 GC heap before
{Heap before GC invocations=7 (full 1):
 PSYoungGen      total 141824K, used 51274K [0x0000000795580000, 0x00000007a6600000, 0x00000007c0000000)
  eden space 131072K, 30% used [0x0000000795580000,0x0000000797d12ef0,0x000000079d580000)
  from space 10752K, 99% used [0x000000079d580000,0x000000079dfffbe8,0x000000079e000000)
  to   space 15872K, 0% used [0x00000007a5680000,0x00000007a5680000,0x00000007a6600000)
 ParOldGen       total 78848K, used 9958K [0x0000000740000000, 0x0000000744d00000, 0x0000000795580000)
  object space 78848K, 12% used [0x0000000740000000,0x00000007409b9b90,0x0000000744d00000)
 Metaspace       used 34346K, capacity 35418K, committed 35496K, reserved 1079296K
  class space    used 4731K, capacity 5004K, committed 5040K, reserved 1048576K
Event: 2.869 GC heap after
Heap after GC invocations=7 (full 1):
 PSYoungGen      total 256000K, used 9177K [0x0000000795580000, 0x00000007a6200000, 0x00000007c0000000)
  eden space 244224K, 0% used [0x0000000795580000,0x0000000795580000,0x00000007a4400000)
  from space 11776K, 77% used [0x00000007a5680000,0x00000007a5f764b8,0x00000007a6200000)
  to   space 15360K, 0% used [0x00000007a4400000,0x00000007a4400000,0x00000007a5300000)
 ParOldGen       total 78848K, used 9966K [0x0000000740000000, 0x0000000744d00000, 0x0000000795580000)
  object space 78848K, 12% used [0x0000000740000000,0x00000007409bbb90,0x0000000744d00000)
 Metaspace       used 34346K, capacity 35418K, committed 35496K, reserved 1079296K
  class space    used 4731K, capacity 5004K, committed 5040K, reserved 1048576K
}
Event: 2.869 GC heap before
{Heap before GC invocations=8 (full 2):
 PSYoungGen      total 256000K, used 9177K [0x0000000795580000, 0x00000007a6200000, 0x00000007c0000000)
  eden space 244224K, 0% used [0x0000000795580000,0x0000000795580000,0x00000007a4400000)
  from space 11776K, 77% used [0x00000007a5680000,0x00000007a5f764b8,0x00000007a6200000)
  to   space 15360K, 0% used [0x00000007a4400000,0x00000007a4400000,0x00000007a5300000)
 ParOldGen       total 78848K, used 9966K [0x0000000740000000, 0x0000000744d00000, 0x0000000795580000)
  object space 78848K, 12% used [0x0000000740000000,0x00000007409bbb90,0x0000000744d00000)
 Metaspace       used 34346K, capacity 35418K, committed 35496K, reserved 1079296K
  class space    used 4731K, capacity 5004K, committed 5040K, reserved 1048576K
Event: 2.912 GC heap after
Heap after GC invocations=8 (full 2):
 PSYoungGen      total 256000K, used 0K [0x0000000795580000, 0x00000007a6200000, 0x00000007c0000000)
  eden space 244224K, 0% used [0x0000000795580000,0x0000000795580000,0x00000007a4400000)
  from space 11776K, 0% used [0x00000007a5680000,0x00000007a5680000,0x00000007a6200000)
  to   space 15360K, 0% used [0x00000007a4400000,0x00000007a4400000,0x00000007a5300000)
 ParOldGen       total 103424K, used 15515K [0x0000000740000000, 0x0000000746500000, 0x0000000795580000)
  object space 103424K, 15% used [0x0000000740000000,0x0000000740f26e08,0x0000000746500000)
 Metaspace       used 34346K, capacity 35418K, committed 35496K, reserved 1079296K
  class space    used 4731K, capacity 5004K, committed 5040K, reserved 1048576K
}
Event: 4.140 GC heap before
{Heap before GC invocations=9 (full 2):
 PSYoungGen      total 256000K, used 244224K [0x0000000795580000, 0x00000007a6200000, 0x00000007c0000000)
  eden space 244224K, 100% used [0x0000000795580000,0x00000007a4400000,0x00000007a4400000)
  from space 11776K, 0% used [0x00000007a5680000,0x00000007a5680000,0x00000007a6200000)
  to   space 15360K, 0% used [0x00000007a4400000,0x00000007a4400000,0x00000007a5300000)
 ParOldGen       total 103424K, used 15515K [0x0000000740000000, 0x0000000746500000, 0x0000000795580000)
  object space 103424K, 15% used [0x0000000740000000,0x0000000740f26e08,0x0000000746500000)
 Metaspace       used 45447K, capacity 47370K, committed 47528K, reserved 1089536K
  class space    used 6144K, capacity 6547K, committed 6576K, reserved 1048576K
Event: 4.155 GC heap after
Heap after GC invocations=9 (full 2):
 PSYoungGen      total 259584K, used 15340K [0x0000000795580000, 0x00000007b2300000, 0x00000007c0000000)
  eden space 244224K, 0% used [0x0000000795580000,0x0000000795580000,0x00000007a4400000)
  from space 15360K, 99% used [0x00000007a4400000,0x00000007a52fb370,0x00000007a5300000)
  to   space 18944K, 0% used [0x00000007b1080000,0x00000007b1080000,0x00000007b2300000)
 ParOldGen       total 103424K, used 18742K [0x0000000740000000, 0x0000000746500000, 0x0000000795580000)
  object space 103424K, 18% used [0x0000000740000000,0x000000074124db50,0x0000000746500000)
 Metaspace       used 45447K, capacity 47370K, committed 47528K, reserved 1089536K
  class space    used 6144K, capacity 6547K, committed 6576K, reserved 1048576K
}

Deoptimization events (10 events):
Event: 3.767 Thread 0x00007fae37cf7800 Uncommon trap: reason=unstable_if action=reinterpret pc=0x000000010cb0ff24 method=org.objectweb.asm.ByteVector.putUTF8(Ljava/lang/String;)Lorg/objectweb/asm/ByteVector; @ 93
Event: 3.774 Thread 0x00007fae37cf7800 Uncommon trap: reason=unstable_if action=reinterpret pc=0x000000010c832418 method=org.objectweb.asm.ByteVector.putUTF8(Ljava/lang/String;)Lorg/objectweb/asm/ByteVector; @ 93
Event: 3.952 Thread 0x00007fae37cf7800 Uncommon trap: reason=unstable_if action=reinterpret pc=0x000000010ce807dc method=java.util.concurrent.ConcurrentHashMap.addCount(JI)V @ 110
Event: 4.040 Thread 0x00007fae37cf7800 Uncommon trap: reason=unstable_if action=reinterpret pc=0x000000010c6c6310 method=java.util.jar.JarFile.maybeInstantiateVerifier()V @ 75
Event: 4.041 Thread 0x00007fae37cf7800 Uncommon trap: reason=unstable_if action=reinterpret pc=0x000000010c4c0be0 method=java.util.jar.Manifest$FastInputStream.readLine([BII)I @ 87
Event: 4.051 Thread 0x00007fae37cf7800 Uncommon trap: reason=unstable_if action=reinterpret pc=0x000000010c83f32c method=java.lang.ThreadLocal.get()Ljava/lang/Object; @ 11
Event: 4.088 Thread 0x00007fae37cf7800 Uncommon trap: reason=unstable_if action=reinterpret pc=0x000000010c660f20 method=java.lang.CharacterDataLatin1.isWhitespace(I)Z @ 14
Event: 4.119 Thread 0x00007fae37cf7800 Uncommon trap: reason=unstable_if action=reinterpret pc=0x000000010c851790 method=java.security.CodeSource.getCertificates()[Ljava/security/cert/Certificate; @ 22
Event: 4.120 Thread 0x00007fae37cf7800 Uncommon trap: reason=unstable_if action=reinterpret pc=0x000000010cec2fe0 method=java.security.CodeSource.matchCerts(Ljava/security/CodeSource;Z)Z @ 11
Event: 4.352 Thread 0x00007fae37cf7800 Uncommon trap: reason=unstable_if action=reinterpret pc=0x000000010cbd9a68 method=org.gradle.internal.reflect.PropertyAccessorType.of(Ljava/lang/reflect/Method;)Lorg/gradle/internal/reflect/PropertyAccessorType; @ 56

Classes redefined (0 events):
No events

Internal exceptions (10 events):
Event: 3.372 Thread 0x00007fae36de1000 Exception <a 'java/lang/NoSuchMethodError': <clinit>> (0x000000079ae48ea8) thrown at [/Volumes/Android/buildbot/src/googleplex-android/openjdk/out/hotspot/src/share/vm/prims/jni.cpp, line 1615]
Event: 3.374 Thread 0x00007fae36de1000 Exception <a 'java/lang/NoSuchMethodError': <clinit>> (0x000000079ae5c278) thrown at [/Volumes/Android/buildbot/src/googleplex-android/openjdk/out/hotspot/src/share/vm/prims/jni.cpp, line 1615]
Event: 3.381 Thread 0x00007fae37cf7800 Exception <a 'java/lang/ClassNotFoundException': build_4sbdw3fofwqgtornugo53d4dlBeanInfo> (0x000000079f10c920) thrown at [/Volumes/Android/buildbot/src/googleplex-android/openjdk/out/hotspot/src/share/vm/classfile/systemDictionary.cpp, line 210]
Event: 3.382 Thread 0x00007fae37cf7800 Exception <a 'java/lang/ClassNotFoundException': build_4sbdw3fofwqgtornugo53d4dlCustomizer> (0x000000079f1186f0) thrown at [/Volumes/Android/buildbot/src/googleplex-android/openjdk/out/hotspot/src/share/vm/classfile/systemDictionary.cpp, line 210]
Event: 3.387 Thread 0x00007fae37cf7800 Exception <a 'java/lang/ClassNotFoundException': org/gradle/plugin/use/internal/PluginRequestCollector$PluginDependenciesSpecImplBeanInfo> (0x000000079f1b9fb0) thrown at [/Volumes/Android/buildbot/src/googleplex-android/openjdk/out/hotspot/src/share/vm/cl
Event: 3.387 Thread 0x00007fae37cf7800 Exception <a 'java/lang/ClassNotFoundException': org/gradle/plugin/use/internal/PluginRequestCollector$PluginDependenciesSpecImplCustomizer> (0x000000079f1fa838) thrown at [/Volumes/Android/buildbot/src/googleplex-android/openjdk/out/hotspot/src/share/vm/
Event: 3.421 Thread 0x00007fae37cf7800 Exception <a 'java/lang/ClassNotFoundException': org/gradle/api/internal/plugins/DefaultObjectConfigurationActionBeanInfo> (0x000000079f722b40) thrown at [/Volumes/Android/buildbot/src/googleplex-android/openjdk/out/hotspot/src/share/vm/classfile/systemDi
Event: 3.422 Thread 0x00007fae37cf7800 Exception <a 'java/lang/ClassNotFoundException': org/gradle/api/internal/plugins/DefaultObjectConfigurationActionCustomizer> (0x000000079f76ae78) thrown at [/Volumes/Android/buildbot/src/googleplex-android/openjdk/out/hotspot/src/share/vm/classfile/system
Event: 3.662 Thread 0x00007fae37cf7800 Exception <a 'sun/nio/fs/UnixException'> (0x00000007a1277238) thrown at [/Volumes/Android/buildbot/src/googleplex-android/openjdk/out/hotspot/src/share/vm/prims/jni.cpp, line 710]
Event: 4.051 Thread 0x00007fae37cf7800 Implicit null exception at 0x000000010c83f253 to 0x000000010c83f319

Events (10 events):
Event: 4.544 loading class com/sun/org/apache/xerces/internal/impl/XMLScanner$NameType
Event: 4.544 loading class com/sun/org/apache/xerces/internal/impl/XMLScanner$NameType done
Event: 4.544 loading class com/sun/org/apache/xerces/internal/impl/Constants
Event: 4.545 loading class com/sun/org/apache/xerces/internal/impl/Constants done
Event: 4.545 loading class com/sun/org/apache/xerces/internal/impl/Constants$ArrayEnumeration
Event: 4.545 loading class com/sun/org/apache/xerces/internal/impl/Constants$ArrayEnumeration done
Event: 4.563 loading class com/sun/org/apache/xerces/internal/dom/DeferredElementImpl
Event: 4.563 loading class com/sun/org/apache/xerces/internal/dom/DeferredElementImpl done
Event: 4.563 loading class com/android/utils/XmlUtils$SubTagIterator
Event: 4.563 loading class com/android/utils/XmlUtils$SubTagIterator done


Dynamic libraries:
0x00007fff3ac33000 	/System/Library/Frameworks/Cocoa.framework/Versions/A/Cocoa
0x00007fff46eb3000 	/System/Library/Frameworks/Security.framework/Versions/A/Security
0x00007fff3983d000 	/System/Library/Frameworks/ApplicationServices.framework/Versions/A/ApplicationServices
0x00007fff68324000 	/usr/lib/libz.1.dylib
0x00007fff6599a000 	/usr/lib/libSystem.B.dylib
0x00007fff3b455000 	/System/Library/Frameworks/CoreFoundation.framework/Versions/A/CoreFoundation
0x00007fff3d7d4000 	/System/Library/Frameworks/Foundation.framework/Versions/C/Foundation
0x00007fff67441000 	/usr/lib/libobjc.A.dylib
0x00007fff389cc000 	/System/Library/Frameworks/AppKit.framework/Versions/C/AppKit
0x00007fff3afca000 	/System/Library/Frameworks/CoreData.framework/Versions/A/CoreData
0x00007fff5eb8c000 	/System/Library/PrivateFrameworks/RemoteViewServices.framework/Versions/A/RemoteViewServices
0x00007fff63675000 	/System/Library/PrivateFrameworks/UIFoundation.framework/Versions/A/UIFoundation
0x00007fff64e21000 	/System/Library/PrivateFrameworks/XCTTargetBootstrap.framework/Versions/A/XCTTargetBootstrap
0x00007fff596eb000 	/System/Library/PrivateFrameworks/IconServices.framework/Versions/A/IconServices
0x00007fff40079000 	/System/Library/Frameworks/Metal.framework/Versions/A/Metal
0x00007fff5097d000 	/System/Library/PrivateFrameworks/DesktopServicesPriv.framework/Versions/A/DesktopServicesPriv
0x00007fff66755000 	/usr/lib/libenergytrace.dylib
0x00007fff613ee000 	/System/Library/PrivateFrameworks/SkyLight.framework/Versions/A/SkyLight
0x00007fff3b8a6000 	/System/Library/Frameworks/CoreGraphics.framework/Versions/A/CoreGraphics
0x00007fff37787000 	/System/Library/Frameworks/Accelerate.framework/Versions/A/Accelerate
0x00007fff3df5a000 	/System/Library/Frameworks/IOSurface.framework/Versions/A/IOSurface
0x00007fff507df000 	/System/Library/PrivateFrameworks/DFRFoundation.framework/Versions/A/DFRFoundation
0x00007fff39d42000 	/System/Library/Frameworks/AudioToolbox.framework/Versions/A/AudioToolbox
0x00007fff39fe0000 	/System/Library/Frameworks/AudioUnit.framework/Versions/A/AudioUnit
0x00007fff50876000 	/System/Library/PrivateFrameworks/DataDetectorsCore.framework/Versions/A/DataDetectorsCore
0x00007fff3a71f000 	/System/Library/Frameworks/Carbon.framework/Versions/A/Frameworks/HIToolbox.framework/Versions/A/HIToolbox
0x00007fff668b0000 	/usr/lib/libicucore.A.dylib
0x00007fff4640f000 	/System/Library/Frameworks/QuartzCore.framework/Versions/A/QuartzCore
0x00007fff3ab06000 	/System/Library/Frameworks/Carbon.framework/Versions/A/Frameworks/SpeechRecognition.framework/Versions/A/SpeechRecognition
0x00007fff65afd000 	/usr/lib/libauto.dylib
0x00007fff68217000 	/usr/lib/libxml2.2.dylib
0x00007fff503e4000 	/System/Library/PrivateFrameworks/CoreUI.framework/Versions/A/CoreUI
0x00007fff3aea8000 	/System/Library/Frameworks/CoreAudio.framework/Versions/A/CoreAudio
0x00007fff3d606000 	/System/Library/Frameworks/DiskArbitration.framework/Versions/A/DiskArbitration
0x00007fff66b60000 	/usr/lib/liblangid.dylib
0x00007fff5ab95000 	/System/Library/PrivateFrameworks/MultitouchSupport.framework/Versions/A/MultitouchSupport
0x00007fff3dec7000 	/System/Library/Frameworks/IOKit.framework/Versions/A/IOKit
0x00007fff655e8000 	/usr/lib/libDiagnosticMessagesClient.dylib
0x00007fff3c711000 	/System/Library/Frameworks/CoreServices.framework/Versions/A/CoreServices
0x00007fff5c8bf000 	/System/Library/PrivateFrameworks/PerformanceAnalysis.framework/Versions/A/PerformanceAnalysis
0x00007fff455a4000 	/System/Library/Frameworks/OpenGL.framework/Versions/A/OpenGL
0x00007fff3ac41000 	/System/Library/Frameworks/ColorSync.framework/Versions/A/ColorSync
0x00007fff3bf35000 	/System/Library/Frameworks/CoreImage.framework/Versions/A/CoreImage
0x00007fff3d14f000 	/System/Library/Frameworks/CoreText.framework/Versions/A/CoreText
0x00007fff3dfbb000 	/System/Library/Frameworks/ImageIO.framework/Versions/A/ImageIO
0x00007fff4ca5a000 	/System/Library/PrivateFrameworks/Backup.framework/Versions/A/Backup
0x00007fff65a50000 	/usr/lib/libarchive.2.dylib
0x00007fff3a344000 	/System/Library/Frameworks/CFNetwork.framework/Versions/A/CFNetwork
0x00007fff4765c000 	/System/Library/Frameworks/SystemConfiguration.framework/Versions/A/SystemConfiguration
0x00007fff65511000 	/usr/lib/libCRFSuite.dylib
0x00007fff65bf5000 	/usr/lib/libc++.1.dylib
0x00007fff65c4d000 	/usr/lib/libc++abi.dylib
0x00007fff683a7000 	/usr/lib/system/libcache.dylib
0x00007fff683ac000 	/usr/lib/system/libcommonCrypto.dylib
0x00007fff683b7000 	/usr/lib/system/libcompiler_rt.dylib
0x00007fff683bf000 	/usr/lib/system/libcopyfile.dylib
0x00007fff683c9000 	/usr/lib/system/libcorecrypto.dylib
0x00007fff684d3000 	/usr/lib/system/libdispatch.dylib
0x00007fff6850e000 	/usr/lib/system/libdyld.dylib
0x00007fff6853e000 	/usr/lib/system/libkeymgr.dylib
0x00007fff6854c000 	/usr/lib/system/liblaunch.dylib
0x00007fff6854d000 	/usr/lib/system/libmacho.dylib
0x00007fff68553000 	/usr/lib/system/libquarantine.dylib
0x00007fff68556000 	/usr/lib/system/libremovefile.dylib
0x00007fff68558000 	/usr/lib/system/libsystem_asl.dylib
0x00007fff68570000 	/usr/lib/system/libsystem_blocks.dylib
0x00007fff68571000 	/usr/lib/system/libsystem_c.dylib
0x00007fff685fa000 	/usr/lib/system/libsystem_configuration.dylib
0x00007fff685fe000 	/usr/lib/system/libsystem_coreservices.dylib
0x00007fff68602000 	/usr/lib/system/libsystem_darwin.dylib
0x00007fff68609000 	/usr/lib/system/libsystem_dnssd.dylib
0x00007fff68610000 	/usr/lib/system/libsystem_info.dylib
0x00007fff68685000 	/usr/lib/system/libsystem_m.dylib
0x00007fff686d1000 	/usr/lib/system/libsystem_malloc.dylib
0x00007fff686f6000 	/usr/lib/system/libsystem_networkextension.dylib
0x00007fff68702000 	/usr/lib/system/libsystem_notify.dylib
0x00007fff6871f000 	/usr/lib/system/libsystem_sandbox.dylib
0x00007fff68723000 	/usr/lib/system/libsystem_secinit.dylib
0x00007fff6865d000 	/usr/lib/system/libsystem_kernel.dylib
0x00007fff6870a000 	/usr/lib/system/libsystem_platform.dylib
0x00007fff68714000 	/usr/lib/system/libsystem_pthread.dylib
0x00007fff68726000 	/usr/lib/system/libsystem_symptoms.dylib
0x00007fff6872e000 	/usr/lib/system/libsystem_trace.dylib
0x00007fff68745000 	/usr/lib/system/libunwind.dylib
0x00007fff6874b000 	/usr/lib/system/libxpc.dylib
0x00007fff65bd5000 	/usr/lib/libbsm.0.dylib
0x00007fff6853f000 	/usr/lib/system/libkxld.dylib
0x00007fff4bd16000 	/System/Library/PrivateFrameworks/AppleFSCompression.framework/Versions/A/AppleFSCompression
0x00007fff65859000 	/usr/lib/libOpenScriptingUtil.dylib
0x00007fff65f38000 	/usr/lib/libcoretls.dylib
0x00007fff65f4f000 	/usr/lib/libcoretls_cfhelpers.dylib
0x00007fff67bda000 	/usr/lib/libpam.2.dylib
0x00007fff67d9d000 	/usr/lib/libsqlite3.dylib
0x00007fff68205000 	/usr/lib/libxar.1.dylib
0x00007fff65be6000 	/usr/lib/libbz2.1.0.dylib
0x00007fff66b62000 	/usr/lib/liblzma.5.dylib
0x00007fff67058000 	/usr/lib/libnetwork.dylib
0x00007fff65a39000 	/usr/lib/libapple_nghttp2.dylib
0x00007fff67be1000 	/usr/lib/libpcap.A.dylib
0x00007fff3cab5000 	/System/Library/Frameworks/CoreServices.framework/Versions/A/Frameworks/FSEvents.framework/Versions/A/FSEvents
0x00007fff3c791000 	/System/Library/Frameworks/CoreServices.framework/Versions/A/Frameworks/CarbonCore.framework/Versions/A/CarbonCore
0x00007fff3cc8a000 	/System/Library/Frameworks/CoreServices.framework/Versions/A/Frameworks/Metadata.framework/Versions/A/Metadata
0x00007fff3cd2d000 	/System/Library/Frameworks/CoreServices.framework/Versions/A/Frameworks/OSServices.framework/Versions/A/OSServices
0x00007fff3cd79000 	/System/Library/Frameworks/CoreServices.framework/Versions/A/Frameworks/SearchKit.framework/Versions/A/SearchKit
0x00007fff3c712000 	/System/Library/Frameworks/CoreServices.framework/Versions/A/Frameworks/AE.framework/Versions/A/AE
0x00007fff3cabe000 	/System/Library/Frameworks/CoreServices.framework/Versions/A/Frameworks/LaunchServices.framework/Versions/A/LaunchServices
0x00007fff3ca6a000 	/System/Library/Frameworks/CoreServices.framework/Versions/A/Frameworks/DictionaryServices.framework/Versions/A/DictionaryServices
0x00007fff3cde8000 	/System/Library/Frameworks/CoreServices.framework/Versions/A/Frameworks/SharedFileList.framework/Versions/A/SharedFileList
0x00007fff41534000 	/System/Library/Frameworks/NetFS.framework/Versions/A/NetFS
0x00007fff5ae31000 	/System/Library/PrivateFrameworks/NetAuth.framework/Versions/A/NetAuth
0x00007fff65255000 	/System/Library/PrivateFrameworks/login.framework/Versions/A/Frameworks/loginsupport.framework/Versions/A/loginsupport
0x00007fff63271000 	/System/Library/PrivateFrameworks/TCC.framework/Versions/A/TCC
0x00007fff4fa0c000 	/System/Library/PrivateFrameworks/CoreNLP.framework/Versions/A/CoreNLP
0x00007fff5a887000 	/System/Library/PrivateFrameworks/MetadataUtilities.framework/Versions/A/MetadataUtilities
0x00007fff66c43000 	/usr/lib/libmecabra.dylib
0x00007fff3983e000 	/System/Library/Frameworks/ApplicationServices.framework/Versions/A/Frameworks/ATS.framework/Versions/A/ATS
0x00007fff39ba9000 	/System/Library/Frameworks/ApplicationServices.framework/Versions/A/Frameworks/ColorSyncLegacy.framework/Versions/A/ColorSyncLegacy
0x00007fff39c4a000 	/System/Library/Frameworks/ApplicationServices.framework/Versions/A/Frameworks/HIServices.framework/Versions/A/HIServices
0x00007fff39c9d000 	/System/Library/Frameworks/ApplicationServices.framework/Versions/A/Frameworks/LangAnalysis.framework/Versions/A/LangAnalysis
0x00007fff39cac000 	/System/Library/Frameworks/ApplicationServices.framework/Versions/A/Frameworks/PrintCore.framework/Versions/A/PrintCore
0x00007fff39cf9000 	/System/Library/Frameworks/ApplicationServices.framework/Versions/A/Frameworks/QD.framework/Versions/A/QD
0x00007fff39d35000 	/System/Library/Frameworks/ApplicationServices.framework/Versions/A/Frameworks/SpeechSynthesis.framework/Versions/A/SpeechSynthesis
0x00007fff65c75000 	/usr/lib/libcompression.dylib
0x00007fff3b36b000 	/System/Library/Frameworks/CoreDisplay.framework/Versions/A/CoreDisplay
0x00007fff40335000 	/System/Library/Frameworks/MetalPerformanceShaders.framework/Versions/A/MetalPerformanceShaders
0x00007fff3779f000 	/System/Library/Frameworks/Accelerate.framework/Versions/A/Frameworks/vImage.framework/Versions/A/vImage
0x00007fff3881b000 	/System/Library/Frameworks/Accelerate.framework/Versions/A/Frameworks/vecLib.framework/Versions/A/vecLib
0x00007fff38765000 	/System/Library/Frameworks/Accelerate.framework/Versions/A/Frameworks/vecLib.framework/Versions/A/libvMisc.dylib
0x00007fff38580000 	/System/Library/Frameworks/Accelerate.framework/Versions/A/Frameworks/vecLib.framework/Versions/A/libvDSP.dylib
0x00007fff37e40000 	/System/Library/Frameworks/Accelerate.framework/Versions/A/Frameworks/vecLib.framework/Versions/A/libBLAS.dylib
0x00007fff3812b000 	/System/Library/Frameworks/Accelerate.framework/Versions/A/Frameworks/vecLib.framework/Versions/A/libLAPACK.dylib
0x00007fff384d2000 	/System/Library/Frameworks/Accelerate.framework/Versions/A/Frameworks/vecLib.framework/Versions/A/libLinearAlgebra.dylib
0x00007fff3856c000 	/System/Library/Frameworks/Accelerate.framework/Versions/A/Frameworks/vecLib.framework/Versions/A/libSparseBLAS.dylib
0x00007fff384e8000 	/System/Library/Frameworks/Accelerate.framework/Versions/A/Frameworks/vecLib.framework/Versions/A/libQuadrature.dylib
0x00007fff380b8000 	/System/Library/Frameworks/Accelerate.framework/Versions/A/Frameworks/vecLib.framework/Versions/A/libBNNS.dylib
0x00007fff384ee000 	/System/Library/Frameworks/Accelerate.framework/Versions/A/Frameworks/vecLib.framework/Versions/A/libSparse.dylib
0x00007fff56f0a000 	/System/Library/PrivateFrameworks/GPUWrangler.framework/Versions/A/GPUWrangler
0x00007fff592b4000 	/System/Library/PrivateFrameworks/IOAccelerator.framework/Versions/A/IOAccelerator
0x00007fff592bf000 	/System/Library/PrivateFrameworks/IOPresentment.framework/Versions/A/IOPresentment
0x00007fff507ef000 	/System/Library/PrivateFrameworks/DSExternalDisplay.framework/Versions/A/DSExternalDisplay
0x00007fff449e9000 	/System/Library/Frameworks/OpenGL.framework/Versions/A/Libraries/libCoreFSCache.dylib
0x00007fff40129000 	/System/Library/Frameworks/MetalPerformanceShaders.framework/Frameworks/MPSCore.framework/Versions/A/MPSCore
0x00007fff4014a000 	/System/Library/Frameworks/MetalPerformanceShaders.framework/Frameworks/MPSImage.framework/Versions/A/MPSImage
0x00007fff401f1000 	/System/Library/Frameworks/MetalPerformanceShaders.framework/Frameworks/MPSNeuralNetwork.framework/Versions/A/MPSNeuralNetwork
0x00007fff401c8000 	/System/Library/Frameworks/MetalPerformanceShaders.framework/Frameworks/MPSMatrix.framework/Versions/A/MPSMatrix
0x00007fff40319000 	/System/Library/Frameworks/MetalPerformanceShaders.framework/Frameworks/MPSRayIntersector.framework/Versions/A/MPSRayIntersector
0x00007fff5a8b0000 	/System/Library/PrivateFrameworks/MetalTools.framework/Versions/A/MetalTools
0x00007fff4b412000 	/System/Library/PrivateFrameworks/AggregateDictionary.framework/Versions/A/AggregateDictionary
0x00007fff65839000 	/usr/lib/libMobileGestalt.dylib
0x00007fff3d2b5000 	/System/Library/Frameworks/CoreVideo.framework/Versions/A/CoreVideo
0x00007fff57d6e000 	/System/Library/PrivateFrameworks/GraphVisualizer.framework/Versions/A/GraphVisualizer
0x00007fff51b1a000 	/System/Library/PrivateFrameworks/FaceCore.framework/Versions/A/FaceCore
0x00007fff44000000 	/System/Library/Frameworks/OpenCL.framework/Versions/A/OpenCL
0x00007fff65620000 	/usr/lib/libFosl_dynamic.dylib
0x00007fff5b706000 	/System/Library/PrivateFrameworks/OTSVG.framework/Versions/A/OTSVG
0x00007fff39942000 	/System/Library/Frameworks/ApplicationServices.framework/Versions/A/Frameworks/ATS.framework/Versions/A/Resources/libFontParser.dylib
0x00007fff39a62000 	/System/Library/Frameworks/ApplicationServices.framework/Versions/A/Frameworks/ATS.framework/Versions/A/Resources/libFontRegistry.dylib
0x00007fff3e23b000 	/System/Library/Frameworks/ImageIO.framework/Versions/A/Resources/libJPEG.dylib
0x00007fff3e55d000 	/System/Library/Frameworks/ImageIO.framework/Versions/A/Resources/libTIFF.dylib
0x00007fff3e533000 	/System/Library/Frameworks/ImageIO.framework/Versions/A/Resources/libPng.dylib
0x00007fff3e150000 	/System/Library/Frameworks/ImageIO.framework/Versions/A/Resources/libGIF.dylib
0x00007fff3e155000 	/System/Library/Frameworks/ImageIO.framework/Versions/A/Resources/libJP2.dylib
0x00007fff3e55a000 	/System/Library/Frameworks/ImageIO.framework/Versions/A/Resources/libRadiance.dylib
0x00007fff4be6f000 	/System/Library/PrivateFrameworks/AppleJPEG.framework/Versions/A/AppleJPEG
0x00007fff449f4000 	/System/Library/Frameworks/OpenGL.framework/Versions/A/Libraries/libGFXShared.dylib
0x00007fff44bb7000 	/System/Library/Frameworks/OpenGL.framework/Versions/A/Libraries/libGLU.dylib
0x00007fff449fd000 	/System/Library/Frameworks/OpenGL.framework/Versions/A/Libraries/libGL.dylib
0x00007fff44a09000 	/System/Library/Frameworks/OpenGL.framework/Versions/A/Libraries/libGLImage.dylib
0x00007fff449e6000 	/System/Library/Frameworks/OpenGL.framework/Versions/A/Libraries/libCVMSPluginSupport.dylib
0x00007fff449ef000 	/System/Library/Frameworks/OpenGL.framework/Versions/A/Libraries/libCoreVMClient.dylib
0x00007fff665c7000 	/usr/lib/libcups.2.dylib
0x00007fff3f641000 	/System/Library/Frameworks/Kerberos.framework/Versions/A/Kerberos
0x00007fff3dc13000 	/System/Library/Frameworks/GSS.framework/Versions/A/GSS
0x00007fff67d31000 	/usr/lib/libresolv.9.dylib
0x00007fff667be000 	/usr/lib/libiconv.2.dylib
0x00007fff57e64000 	/System/Library/PrivateFrameworks/Heimdal.framework/Versions/A/Heimdal
0x00007fff6678d000 	/usr/lib/libheimdal-asn1.dylib
0x00007fff44077000 	/System/Library/Frameworks/OpenDirectory.framework/Versions/A/OpenDirectory
0x00007fff4e71d000 	/System/Library/PrivateFrameworks/CommonAuth.framework/Versions/A/CommonAuth
0x00007fff4405a000 	/System/Library/Frameworks/OpenDirectory.framework/Versions/A/Frameworks/CFOpenDirectory.framework/Versions/A/CFOpenDirectory
0x00007fff471da000 	/System/Library/Frameworks/SecurityFoundation.framework/Versions/A/SecurityFoundation
0x00007fff4a931000 	/System/Library/PrivateFrameworks/APFS.framework/Versions/A/APFS
0x00007fff68201000 	/usr/lib/libutil.dylib
0x00007fff65c63000 	/usr/lib/libcharset.1.dylib
0x00007fff4c108000 	/System/Library/PrivateFrameworks/AppleSauce.framework/Versions/A/AppleSauce
0x00007fff4c296000 	/System/Library/PrivateFrameworks/AssertionServices.framework/Versions/A/AssertionServices
0x00007fff4cafd000 	/System/Library/PrivateFrameworks/BaseBoard.framework/Versions/A/BaseBoard
0x00007fff66b92000 	/usr/lib/libmecab.1.0.0.dylib
0x00007fff66787000 	/usr/lib/libgermantok.dylib
0x00007fff65a25000 	/usr/lib/libThaiTokenizer.dylib
0x00007fff6554c000 	/usr/lib/libChineseTokenizer.dylib
0x00007fff599e7000 	/System/Library/PrivateFrameworks/LanguageModeling.framework/Versions/A/LanguageModeling
0x00007fff4f423000 	/System/Library/PrivateFrameworks/CoreEmoji.framework/Versions/A/CoreEmoji
0x00007fff59adf000 	/System/Library/PrivateFrameworks/Lexicon.framework/Versions/A/Lexicon
0x00007fff59b27000 	/System/Library/PrivateFrameworks/LinguisticData.framework/Versions/A/LinguisticData
0x00007fff65c64000 	/usr/lib/libcmph.dylib
0x00007fff4729b000 	/System/Library/Frameworks/ServiceManagement.framework/Versions/A/ServiceManagement
0x00007fff4ca50000 	/System/Library/PrivateFrameworks/BackgroundTaskManagement.framework/Versions/A/BackgroundTaskManagement
0x00007fff682fb000 	/usr/lib/libxslt.1.dylib
0x00007fff3aa31000 	/System/Library/Frameworks/Carbon.framework/Versions/A/Frameworks/Ink.framework/Versions/A/Ink
0x00007fff634ed000 	/System/Library/PrivateFrameworks/TextureIO.framework/Versions/A/TextureIO
0x00007fff65a7a000 	/usr/lib/libate.dylib
0x00007fff5074b000 	/System/Library/PrivateFrameworks/CrashReporterSupport.framework/Versions/A/CrashReporterSupport
0x00007fff6051d000 	/System/Library/PrivateFrameworks/Sharing.framework/Versions/A/Sharing
0x00007fff4c5dc000 	/System/Library/PrivateFrameworks/AuthKit.framework/Versions/A/AuthKit
0x00007fff4ba0e000 	/System/Library/PrivateFrameworks/Apple80211.framework/Versions/A/Apple80211
0x00007fff50511000 	/System/Library/PrivateFrameworks/CoreUtils.framework/Versions/A/CoreUtils
0x00007fff3d2f3000 	/System/Library/Frameworks/CoreWLAN.framework/Versions/A/CoreWLAN
0x00007fff3dd5c000 	/System/Library/Frameworks/IOBluetooth.framework/Versions/A/IOBluetooth
0x00007fff5e887000 	/System/Library/PrivateFrameworks/ProtocolBuffer.framework/Versions/A/ProtocolBuffer
0x00007fff5aaec000 	/System/Library/PrivateFrameworks/MobileKeyBag.framework/Versions/A/MobileKeyBag
0x00007fff4fd39000 	/System/Library/PrivateFrameworks/CorePhoneNumbers.framework/Versions/A/CorePhoneNumbers
0x00007fff4be23000 	/System/Library/PrivateFrameworks/AppleIDAuthSupport.framework/Versions/A/AppleIDAuthSupport
0x00007fff599b9000 	/System/Library/PrivateFrameworks/KeychainCircle.framework/Versions/A/KeychainCircle
0x00007fff5ea54000 	/System/Library/PrivateFrameworks/ROCKit.framework/Versions/A/ROCKit
0x00007fff506e7000 	/System/Library/PrivateFrameworks/CoreWiFi.framework/Versions/A/CoreWiFi
0x00007fff3af9e000 	/System/Library/Frameworks/CoreBluetooth.framework/Versions/A/CoreBluetooth
0x00007fff5093b000 	/System/Library/PrivateFrameworks/DebugSymbols.framework/Versions/A/DebugSymbols
0x00007fff502c6000 	/System/Library/PrivateFrameworks/CoreSymbolication.framework/Versions/A/CoreSymbolication
0x00007fff62cdb000 	/System/Library/PrivateFrameworks/Symbolication.framework/Versions/A/Symbolication
0x00007fff61e6d000 	/System/Library/PrivateFrameworks/SpeechRecognitionCore.framework/Versions/A/SpeechRecognitionCore
0x00000001080c3000 	/Applications/Android Studio.app/Contents/jre/jdk/Contents/Home/jre/lib/server/libjvm.dylib
0x00007fff680c5000 	/usr/lib/libstdc++.6.dylib
0x0000000108f7b000 	/Applications/Android Studio.app/Contents/jre/jdk/Contents/Home/jre/lib/libverify.dylib
0x0000000108f8d000 	/Applications/Android Studio.app/Contents/jre/jdk/Contents/Home/jre/lib/libjava.dylib
0x0000000108fe1000 	/Applications/Android Studio.app/Contents/jre/jdk/Contents/Home/jre/lib/libzip.dylib
0x000000010c0a8000 	/Applications/Android Studio.app/Contents/jre/jdk/Contents/Home/jre/lib/libnio.dylib
0x000000010c0c3000 	/Applications/Android Studio.app/Contents/jre/jdk/Contents/Home/jre/lib/./libnet.dylib
0x000000011fb29000 	/Users/lukakordzaia/.gradle/native/f6784746aeab05261644944871eae4fe03e0ef1612fff0a4a95f87b438bc6780/osx-amd64/libnative-platform.dylib
0x000000011fe62000 	/Applications/Android Studio.app/Contents/jre/jdk/Contents/Home/jre/lib/libmanagement.dylib

VM Arguments:
jvm_args: -Xmx2048m -Dfile.encoding=UTF-8 -Duser.country=GE -Duser.language=en -Duser.variant 
java_command: org.gradle.launcher.daemon.bootstrap.GradleDaemon 6.5
java_class_path (initial): /Users/lukakordzaia/.gradle/wrapper/dists/gradle-6.5-all/2oz4ud9k3tuxjg84bbf55q0tn/gradle-6.5/lib/gradle-launcher-6.5.jar
Launcher Type: SUN_STANDARD

Environment Variables:
PATH=/usr/local/bin:/usr/bin:/bin:/usr/sbin:/sbin
SHELL=/bin/bash

Signal Handlers:
SIGSEGV: [libjvm.dylib+0x565c43], sa_mask[0]=11111111011111110111111111111111, sa_flags=SA_ONSTACK|SA_RESTART|SA_SIGINFO
SIGBUS: [libjvm.dylib+0x565c43], sa_mask[0]=11111111011111110111111111111111, sa_flags=SA_RESTART|SA_SIGINFO
SIGFPE: [libjvm.dylib+0x45dd9d], sa_mask[0]=11111111011111110111111111111111, sa_flags=SA_RESTART|SA_SIGINFO
SIGPIPE: [libjvm.dylib+0x45dd9d], sa_mask[0]=11111111011111110111111111111111, sa_flags=SA_RESTART|SA_SIGINFO
SIGXFSZ: [libjvm.dylib+0x45dd9d], sa_mask[0]=11111111011111110111111111111111, sa_flags=SA_RESTART|SA_SIGINFO
SIGILL: [libjvm.dylib+0x45dd9d], sa_mask[0]=11111111011111110111111111111111, sa_flags=SA_RESTART|SA_SIGINFO
SIGUSR1: SIG_DFL, sa_mask[0]=00000000000000000000000000000000, sa_flags=none
SIGUSR2: [libjvm.dylib+0x45e69c], sa_mask[0]=00100000000000000000000000000000, sa_flags=SA_RESTART|SA_SIGINFO
SIGHUP: [libjvm.dylib+0x45c8c1], sa_mask[0]=11111111011111110111111111111111, sa_flags=SA_RESTART|SA_SIGINFO
SIGINT: [libjvm.dylib+0x45c8c1], sa_mask[0]=11111111011111110111111111111111, sa_flags=SA_RESTART|SA_SIGINFO
SIGTERM: [libjvm.dylib+0x45c8c1], sa_mask[0]=11111111011111110111111111111111, sa_flags=SA_RESTART|SA_SIGINFO
SIGQUIT: [libjvm.dylib+0x45c8c1], sa_mask[0]=11111111011111110111111111111111, sa_flags=SA_RESTART|SA_SIGINFO


---------------  S Y S T E M  ---------------

OS:Bsduname:Darwin 18.0.0 Darwin Kernel Version 18.0.0: Wed Aug 22 20:13:40 PDT 2018; root:xnu-4903.201.2~1/RELEASE_X86_64 x86_64
rlimit: STACK 8192k, CORE 0k, NPROC 1418, NOFILE 10240, AS infinity
load average:3.86 3.69 2.42

CPU:total 4 (initial active 4) (4 cores per cpu, 1 threads per core) family 6 model 70 stepping 1, cmov, cx8, fxsr, mmx, sse, sse2, sse3, ssse3, sse4.1, sse4.2, popcnt, avx, avx2, aes, clmul, erms, lzcnt, tsc, tscinvbit, bmi1, bmi2

Memory: 4k page, physical 16777216k(3441460k free)

/proc/meminfo:


vm_info: OpenJDK 64-Bit Server VM (25.242-b3-6915495) for bsd-amd64 JRE (1.8.0_242-release-1644-b3-6915495), built by "android-build" with gcc 4.2.1 Compatible Android (5484270 based on r353983c) Clang 9.0.3 (https://android.googlesource.com/toolchain/clang 745b335211bb9eadfa6aa6301f84715cee4b37c5) (https://android.googlesource.com/toolchain/llvm 60cf23e54e46c807513f7a36d0a7b777920b5881)

time: Tue Feb 16 10:55:27 2021
timezone: +04
elapsed time: 4 seconds (0d 0h 0m 4s)

