#
# A fatal error has been detected by the Java Runtime Environment:
#
#  SIGBUS (0xa) at pc=0x000000010ce9237a, pid=2162, tid=0x0000000000004603
#
# JRE version: OpenJDK Runtime Environment (8.0_242) (build 1.8.0_242-release-1644-b3-6915495)
# Java VM: OpenJDK 64-Bit Server VM (25.242-b3-6915495 mixed mode bsd-amd64 compressed oops)
# Problematic frame:
# V  [libjvm.dylib+0x29237a]  IndexSetIterator::advance_and_next()+0x74
#
# Failed to write core dump. Core dumps have been disabled. To enable core dumping, try "ulimit -c unlimited" before starting Java again
#
# If you would like to submit a bug report, please visit:
#   http://bugreport.java.com/bugreport/crash.jsp
#

---------------  T H R E A D  ---------------

Current thread (0x00007fceaa02c000):  JavaThread "C2 CompilerThread1" daemon [_thread_in_native, id=17923, stack(0x000070000e44f000,0x000070000e54f000)]

siginfo: si_signo: 10 (SIGBUS), si_code: 2 (BUS_ADRERR), si_addr: 0x000000011d4225f0

Registers:
RAX=0x0000000000000036, RBX=0x0000000000000032, RCX=0x0000000000000000, RDX=0x000000011d4225f0
RSP=0x000070000e54b9a0, RBP=0x000070000e54b9c0, RSI=0x0000000000003200, RDI=0x0000000000000007
R8 =0x0000000000000000, R9 =0x00007fce9eac9c10, R10=0x0000000000000000, R11=0xffffffffe7390390
R12=0x000000010d4225f0, R13=0x000000013796e010, R14=0x000070000e54b9d8, R15=0x0000000000003200
RIP=0x000000010ce9237a, EFLAGS=0x0000000000010246, ERR=0x0000000000000004
  TRAPNO=0x000000000000000e

Top of Stack: (sp=0x000070000e54b9a0)
0x000070000e54b9a0:   0000000000002fa5 0000000000000000
0x000070000e54b9b0:   000070000e54b9d8 000070000e54d2c8
0x000070000e54b9c0:   000070000e54ba60 000000010cd4649f
0x000070000e54b9d0:   000070000e54ba00 00002fb200000000
0x000070000e54b9e0:   0000700000000006 000000011d4225f0
0x000070000e54b9f0:   0000700000000030 00007fcea9450f60
0x000070000e54ba00:   0000700000000036 0000000137937730
0x000070000e54ba10:   46293e5939a08cea 000070000e54bbb8
0x000070000e54ba20:   0000000000000000 4005d774c0000000
0x000070000e54ba30:   0100000000002fa5 000070000e54ba70
0x000070000e54ba40:   000070000e54d3b0 000070000e54d2c8
0x000070000e54ba50:   000070000e54bbf8 000070000e54bb30
0x000070000e54ba60:   000070000e54bc90 000000010cd4524a
0x000070000e54ba70:   000000010d3e7500 000000000000000d
0x000070000e54ba80:   000070000e54e088 000070000e54d2c8
0x000070000e54ba90:   0000000000000000 00007fce9ac4da10
0x000070000e54baa0:   000070000e54bb20 000000000000000c
0x000070000e54bab0:   000070000e54bad0 00007fff5c850783
0x000070000e54bac0:   0000000000000000 000000010d40fecc
0x000070000e54bad0:   000070000e54bb10 000000010d058b79
0x000070000e54bae0:   0000000000000000 000000000000bcd0
0x000070000e54baf0:   00007fceb4462800 000000010d4112b8
0x000070000e54bb00:   00007fcea91a2200 000000000000bcd0
0x000070000e54bb10:   000070000e54bb60 000000010cc999d7
0x000070000e54bb20:   0000000000000036 0000000000000000
0x000070000e54bb30:   000000000000000a 000070000e54e088
0x000070000e54bb40:   0000000111de5010 0000000125cdc010
0x000070000e54bb50:   00007fce9baa5210 00007fce9baa9100
0x000070000e54bb60:   00007fce9a7b7db0 000070000e54d3f8
0x000070000e54bb70:   000070000e54d3d8 0000000000003515
0x000070000e54bb80:   000070000e54bbf8 0000000000000006
0x000070000e54bb90:   00007fceb38b6400 00007fceb38b6400 

Instructions: (pc=0x000000010ce9237a)
0x000000010ce9235a:   c1 e7 08 4c 8d 25 8c 02 59 00 49 8b 4e 20 48 8b
0x000000010ce9236a:   14 d9 4c 39 e2 74 2e 49 89 56 10 44 89 fe 31 c9
0x000000010ce9237a:   83 3c 8a 00 75 47 48 ff c1 83 c6 20 83 f9 08 72
0x000000010ce9238a:   ef 49 8b 7e 30 48 85 ff 74 0b 89 de e8 b7 f8 ff 

Register to memory mapping:

RAX=0x0000000000000036 is an unknown value
RBX=0x0000000000000032 is an unknown value
RCX=0x0000000000000000 is an unknown value
RDX=0x000000011d4225f0 is an unknown value
RSP=0x000070000e54b9a0 is pointing into the stack for thread: 0x00007fceaa02c000
RBP=0x000070000e54b9c0 is pointing into the stack for thread: 0x00007fceaa02c000
RSI=0x0000000000003200 is an unknown value
RDI=0x0000000000000007 is an unknown value
R8 =0x0000000000000000 is an unknown value
R9 =0x00007fce9eac9c10 is an unknown value
R10=0x0000000000000000 is an unknown value
R11=0xffffffffe7390390 is an unknown value
R12=0x000000010d4225f0: _ZN8IndexSet12_empty_blockE+0 in /private/var/folders/8z/mltn7s7x4vx75pd41wxy404r0000gq/T/AppTranslocation/BFD6081A-3DD8-4BED-883E-F33E546DD2F3/d/Android Studio.app/Contents/jre/jdk/Contents/Home/jre/lib/server/libjvm.dylib at 0x000000010cc00000
R13=0x000000013796e010 is an unknown value
R14=0x000070000e54b9d8 is pointing into the stack for thread: 0x00007fceaa02c000
R15=0x0000000000003200 is an unknown value


Stack: [0x000070000e44f000,0x000070000e54f000],  sp=0x000070000e54b9a0,  free space=1010k
Native frames: (J=compiled Java code, j=interpreted, Vv=VM code, C=native code)
V  [libjvm.dylib+0x29237a]  IndexSetIterator::advance_and_next()+0x74
V  [libjvm.dylib+0x14649f]  PhaseChaitin::Simplify()+0x249
V  [libjvm.dylib+0x14524a]  PhaseChaitin::Register_Allocate()+0x566
V  [libjvm.dylib+0x199230]  Compile::Code_Gen()+0x14e
V  [libjvm.dylib+0x197cb7]  Compile::Compile(ciEnv*, C2Compiler*, ciMethod*, int, bool, bool, bool)+0x8f7
V  [libjvm.dylib+0x136b98]  C2Compiler::compile_method(ciEnv*, ciMethod*, int)+0x9e
V  [libjvm.dylib+0x1a3372]  CompileBroker::invoke_compiler_on_method(CompileTask*)+0x634
V  [libjvm.dylib+0x1a2882]  CompileBroker::compiler_thread_loop()+0x268
V  [libjvm.dylib+0x527e84]  JavaThread::thread_main_inner()+0x82
V  [libjvm.dylib+0x527d49]  JavaThread::run()+0x199
V  [libjvm.dylib+0x45b9eb]  java_start(Thread*)+0xfa
C  [libsystem_pthread.dylib+0x333d]  _pthread_body+0x7e
C  [libsystem_pthread.dylib+0x62a7]  _pthread_start+0x46
C  [libsystem_pthread.dylib+0x2425]  thread_start+0xd
C  0x0000000000000000


Current CompileTask:
C2:5665018 56069 %     4       com.android.tools.r8.z.a.a.f::a @ 185 (3630 bytes)


---------------  P R O C E S S  ---------------

Java Threads: ( => current thread )
  0x00007fcea83e1000 JavaThread "WorkerExecutor Queue Thread 3" [_thread_blocked, id=123999, stack(0x0000700018e47000,0x0000700018f47000)]
  0x00007fceaa1e4800 JavaThread "RMI TCP Connection(idle)" daemon [_thread_blocked, id=47135, stack(0x0000700018d44000,0x0000700018e44000)]
  0x00007fcea95b2800 JavaThread "RMI TCP Connection(91)-127.0.0.1" daemon [_thread_in_native, id=42303, stack(0x0000700018c41000,0x0000700018d41000)]
  0x00007fcea8662800 JavaThread "stdout" [_thread_in_native, id=55367, stack(0x0000700018938000,0x0000700018a38000)]
  0x00007fcea8661800 JavaThread "stderr" [_thread_in_native, id=43079, stack(0x0000700018732000,0x0000700018832000)]
  0x00007fceac177000 JavaThread "process reaper" daemon [_thread_in_native, id=91199, stack(0x000070000d9ae000,0x000070000d9d6000)]
  0x00007fcea8a66800 JavaThread "pool-56-thread-1" [_thread_blocked, id=77635, stack(0x0000700018223000,0x0000700018323000)]
  0x00007fceac176800 JavaThread "WorkerExecutor Queue Thread 2" [_thread_blocked, id=64063, stack(0x0000700018120000,0x0000700018220000)]
  0x00007fcea874a000 JavaThread "WorkerExecutor Queue" [_thread_blocked, id=120891, stack(0x000070001801d000,0x000070001811d000)]
  0x00007fcea93cc800 JavaThread "Cache worker for execution history cache (/Users/lukakordzaia/StudioProjects/StreamFlow/.gradle/6.5/executionHistory)" [_thread_blocked, id=25691, stack(0x0000700017f1a000,0x000070001801a000)]
  0x00007fcea80e7000 JavaThread "Execution worker for ':' Thread 3" [_thread_blocked, id=63495, stack(0x0000700017e17000,0x0000700017f17000)]
  0x00007fceab0f0000 JavaThread "Execution worker for ':' Thread 2" [_thread_blocked, id=89119, stack(0x0000700017d14000,0x0000700017e14000)]
  0x00007fcea8bd3800 JavaThread "Execution worker for ':'" [_thread_blocked, id=64531, stack(0x0000700017c11000,0x0000700017d11000)]
  0x00007fceab88b800 JavaThread "Cache worker for file content cache (/Users/lukakordzaia/StudioProjects/StreamFlow/.gradle/6.5/fileContent)" [_thread_blocked, id=94231, stack(0x0000700017b0e000,0x0000700017c0e000)]
  0x00007fcea86dd800 JavaThread "pool-55-thread-1" [_thread_blocked, id=35423, stack(0x0000700017908000,0x0000700017a08000)]
  0x00007fceb06eb000 JavaThread "Cache worker for Build Output Cleanup Cache (/Users/lukakordzaia/StudioProjects/StreamFlow/.gradle/buildOutputCleanup)" [_thread_blocked, id=35911, stack(0x0000700010cc7000,0x0000700010dc7000)]
  0x00007fceb01ff800 JavaThread "Build operations Thread 4" [_thread_in_Java, id=22283, stack(0x0000700010bc4000,0x0000700010cc4000)]
  0x00007fceab8a7000 JavaThread "Build operations Thread 3" [_thread_blocked, id=99103, stack(0x0000700010ac1000,0x0000700010bc1000)]
  0x00007fceac2ba000 JavaThread "Build operations Thread 2" [_thread_blocked, id=45843, stack(0x00007000109be000,0x0000700010abe000)]
  0x00007fceaa936000 JavaThread "Build operations" [_thread_blocked, id=96283, stack(0x00007000108bb000,0x00007000109bb000)]
  0x00007fcea90c6800 JavaThread "Cache worker for cache directory md-rule (/Users/lukakordzaia/.gradle/caches/6.5/md-rule)" [_thread_blocked, id=81479, stack(0x000070000f88b000,0x000070000f98b000)]
  0x00007fcea90c6000 JavaThread "Cache worker for cache directory md-supplier (/Users/lukakordzaia/.gradle/caches/6.5/md-supplier)" [_thread_blocked, id=52295, stack(0x000070000f788000,0x000070000f888000)]
  0x00007fcea90c4800 JavaThread "Cache worker for checksums cache (/Users/lukakordzaia/StudioProjects/StreamFlow/.gradle/checksums)" [_thread_blocked, id=47699, stack(0x000070000f685000,0x000070000f785000)]
  0x00007fcea90c3800 JavaThread "Cache worker for file hash cache (/Users/lukakordzaia/StudioProjects/StreamFlow/.gradle/6.5/fileHashes)" [_thread_blocked, id=35655, stack(0x000070000f582000,0x000070000f682000)]
  0x00007fceac64c800 JavaThread "Thread-2686" [_thread_blocked, id=34887, stack(0x000070000f176000,0x000070000f276000)]
  0x00007fcea84b7000 JavaThread "Stdin handler" [_thread_blocked, id=4115, stack(0x000070000f073000,0x000070000f173000)]
  0x00007fcea90c3000 JavaThread "Asynchronous log dispatcher for DefaultDaemonConnection: socket connection from /127.0.0.1:51931 to /127.0.0.1:53187" [_thread_blocked, id=22107, stack(0x000070000ef70000,0x000070000f070000)]
  0x00007fcea7dfa800 JavaThread "Cancel handler" [_thread_blocked, id=129107, stack(0x000070000ed6a000,0x000070000ee6a000)]
  0x00007fceaa720000 JavaThread "Handler for socket connection from /127.0.0.1:51931 to /127.0.0.1:53187" [_thread_in_native, id=4371, stack(0x000070000eb64000,0x000070000ec64000)]
  0x00007fcea8749800 JavaThread "jar transforms Thread 2023" [_thread_blocked, id=96595, stack(0x0000700017805000,0x0000700017905000)]
  0x00007fcea8748800 JavaThread "jar transforms Thread 2022" [_thread_blocked, id=60235, stack(0x0000700017702000,0x0000700017802000)]
  0x00007fceab2a3800 JavaThread "jar transforms Thread 2021" [_thread_blocked, id=74051, stack(0x00007000175ff000,0x00007000176ff000)]
  0x00007fceab2a2800 JavaThread "jar transforms Thread 2020" [_thread_blocked, id=93283, stack(0x00007000174fc000,0x00007000175fc000)]
  0x00007fcea8748000 JavaThread "jar transforms Thread 2019" [_thread_blocked, id=97299, stack(0x00007000173f9000,0x00007000174f9000)]
  0x00007fceac2da800 JavaThread "jar transforms Thread 2018" [_thread_blocked, id=63299, stack(0x00007000172f6000,0x00007000173f6000)]
  0x00007fceac2d9800 JavaThread "jar transforms Thread 2017" [_thread_blocked, id=120339, stack(0x00007000171f3000,0x00007000172f3000)]
  0x00007fceac2d9000 JavaThread "jar transforms Thread 2016" [_thread_blocked, id=77387, stack(0x00007000170f0000,0x00007000171f0000)]
  0x00007fcea89ce000 JavaThread "jar transforms Thread 2015" [_thread_blocked, id=129367, stack(0x0000700016fed000,0x00007000170ed000)]
  0x00007fcea89cd000 JavaThread "jar transforms Thread 2014" [_thread_blocked, id=91479, stack(0x0000700016eea000,0x0000700016fea000)]
  0x00007fcea89cc800 JavaThread "jar transforms Thread 2013" [_thread_blocked, id=90691, stack(0x0000700016de7000,0x0000700016ee7000)]
  0x00007fceabd29000 JavaThread "jar transforms Thread 2012" [_thread_blocked, id=84563, stack(0x0000700016ce4000,0x0000700016de4000)]
  0x00007fceaa1cc800 JavaThread "jar transforms Thread 2011" [_thread_blocked, id=46163, stack(0x0000700016be1000,0x0000700016ce1000)]
  0x00007fceaa1cc000 JavaThread "jar transforms Thread 2010" [_thread_blocked, id=125035, stack(0x0000700016ade000,0x0000700016bde000)]
  0x00007fcea7cde000 JavaThread "jar transforms Thread 2009" [_thread_blocked, id=70679, stack(0x00007000169db000,0x0000700016adb000)]
  0x00007fceabd28800 JavaThread "jar transforms Thread 2008" [_thread_blocked, id=53323, stack(0x00007000168d8000,0x00007000169d8000)]
  0x00007fceac773800 JavaThread "jar transforms Thread 2007" [_thread_blocked, id=121419, stack(0x00007000167d5000,0x00007000168d5000)]
  0x00007fceac772800 JavaThread "jar transforms Thread 2006" [_thread_blocked, id=56139, stack(0x00007000166d2000,0x00007000167d2000)]
  0x00007fceac772000 JavaThread "jar transforms Thread 2005" [_thread_blocked, id=95819, stack(0x00007000165cf000,0x00007000166cf000)]
  0x00007fceabd27800 JavaThread "jar transforms Thread 2004" [_thread_blocked, id=52503, stack(0x00007000164cc000,0x00007000165cc000)]
  0x00007fceabd27000 JavaThread "jar transforms Thread 2003" [_thread_blocked, id=26119, stack(0x00007000163c9000,0x00007000164c9000)]
  0x00007fcea7cdd800 JavaThread "jar transforms Thread 2002" [_thread_blocked, id=25163, stack(0x00007000162c6000,0x00007000163c6000)]
  0x00007fcea97d2000 JavaThread "jar transforms Thread 2001" [_thread_blocked, id=88919, stack(0x00007000161c3000,0x00007000162c3000)]
  0x00007fcea7b55000 JavaThread "jar transforms Thread 2000" [_thread_blocked, id=95003, stack(0x00007000160c0000,0x00007000161c0000)]
  0x00007fcea7b54000 JavaThread "jar transforms Thread 1999" [_thread_blocked, id=59471, stack(0x0000700015fbd000,0x00007000160bd000)]
  0x00007fcea8ad3800 JavaThread "jar transforms Thread 1998" [_thread_blocked, id=49171, stack(0x0000700015eba000,0x0000700015fba000)]
  0x00007fceac768800 JavaThread "jar transforms Thread 1997" [_thread_blocked, id=52819, stack(0x0000700015db7000,0x0000700015eb7000)]
  0x00007fceac767800 JavaThread "jar transforms Thread 1996" [_thread_blocked, id=38735, stack(0x0000700015cb4000,0x0000700015db4000)]
  0x00007fceac767000 JavaThread "jar transforms Thread 1995" [_thread_blocked, id=63759, stack(0x0000700015bb1000,0x0000700015cb1000)]
  0x00007fcea819f800 JavaThread "jar transforms Thread 1994" [_thread_blocked, id=96015, stack(0x0000700015aae000,0x0000700015bae000)]
  0x00007fcea819e800 JavaThread "jar transforms Thread 1993" [_thread_blocked, id=27463, stack(0x00007000159ab000,0x0000700015aab000)]
  0x00007fcea97d1000 JavaThread "jar transforms Thread 1992" [_thread_blocked, id=37443, stack(0x00007000158a8000,0x00007000159a8000)]
  0x00007fcea97d0800 JavaThread "jar transforms Thread 1991" [_thread_blocked, id=91703, stack(0x00007000157a5000,0x00007000158a5000)]
  0x00007fcea97cf800 JavaThread "jar transforms Thread 1990" [_thread_blocked, id=43851, stack(0x00007000156a2000,0x00007000157a2000)]
  0x00007fcea97cf000 JavaThread "jar transforms Thread 1989" [_thread_blocked, id=88379, stack(0x000070001559f000,0x000070001569f000)]
  0x00007fcea8520800 JavaThread "jar transforms Thread 1988" [_thread_blocked, id=72779, stack(0x000070001549c000,0x000070001559c000)]
  0x00007fcea8520000 JavaThread "jar transforms Thread 1987" [_thread_blocked, id=124503, stack(0x0000700015399000,0x0000700015499000)]
  0x00007fcea90b2000 JavaThread "jar transforms Thread 1986" [_thread_blocked, id=50247, stack(0x0000700015296000,0x0000700015396000)]
  0x00007fcea90b1000 JavaThread "jar transforms Thread 1985" [_thread_blocked, id=48911, stack(0x0000700015193000,0x0000700015293000)]
  0x00007fcea90b0800 JavaThread "jar transforms Thread 1984" [_thread_blocked, id=74303, stack(0x0000700015090000,0x0000700015190000)]
  0x00007fcea90af800 JavaThread "jar transforms Thread 1983" [_thread_blocked, id=122199, stack(0x0000700014f8d000,0x000070001508d000)]
  0x00007fcea8ad2800 JavaThread "jar transforms Thread 1982" [_thread_blocked, id=58959, stack(0x0000700014e8a000,0x0000700014f8a000)]
  0x00007fceab6a0800 JavaThread "jar transforms Thread 1981" [_thread_blocked, id=91987, stack(0x0000700014d87000,0x0000700014e87000)]
  0x00007fceab69f800 JavaThread "jar transforms Thread 1980" [_thread_blocked, id=123163, stack(0x0000700014c84000,0x0000700014d84000)]
  0x00007fceab69f000 JavaThread "jar transforms Thread 1979" [_thread_blocked, id=71243, stack(0x0000700014b81000,0x0000700014c81000)]
  0x00007fceab06f800 JavaThread "jar transforms Thread 1978" [_thread_blocked, id=72267, stack(0x0000700014a7e000,0x0000700014b7e000)]
  0x00007fceab06e800 JavaThread "jar transforms Thread 1977" [_thread_blocked, id=35151, stack(0x000070001497b000,0x0000700014a7b000)]
  0x00007fceab06e000 JavaThread "jar transforms Thread 1976" [_thread_blocked, id=67911, stack(0x0000700014878000,0x0000700014978000)]
  0x00007fcea93ce000 JavaThread "jar transforms Thread 1975" [_thread_blocked, id=32071, stack(0x0000700014775000,0x0000700014875000)]
  0x00007fcea8ad2000 JavaThread "jar transforms Thread 1974" [_thread_blocked, id=126275, stack(0x0000700014672000,0x0000700014772000)]
  0x00007fcea8ad1000 JavaThread "jar transforms Thread 1973" [_thread_blocked, id=64347, stack(0x000070001456f000,0x000070001466f000)]
  0x00007fceb07a8800 JavaThread "jar transforms Thread 1972" [_thread_blocked, id=74519, stack(0x000070001446c000,0x000070001456c000)]
  0x00007fceb07a7800 JavaThread "jar transforms Thread 1971" [_thread_blocked, id=55563, stack(0x0000700014369000,0x0000700014469000)]
  0x00007fceb07a7000 JavaThread "jar transforms Thread 1970" [_thread_blocked, id=127071, stack(0x0000700014266000,0x0000700014366000)]
  0x00007fceb07a6000 JavaThread "jar transforms Thread 1969" [_thread_blocked, id=122459, stack(0x0000700014163000,0x0000700014263000)]
  0x00007fceb01d6000 JavaThread "jar transforms Thread 1968" [_thread_blocked, id=128607, stack(0x0000700014060000,0x0000700014160000)]
  0x00007fceb01d5800 JavaThread "jar transforms Thread 1967" [_thread_blocked, id=75271, stack(0x0000700013f5d000,0x000070001405d000)]
  0x00007fceb07aa800 JavaThread "jar transforms Thread 1966" [_thread_blocked, id=126487, stack(0x0000700013e5a000,0x0000700013f5a000)]
  0x00007fceb07a9800 JavaThread "jar transforms Thread 1965" [_thread_blocked, id=47435, stack(0x0000700013d57000,0x0000700013e57000)]
  0x00007fceb045b800 JavaThread "jar transforms Thread 1964" [_thread_blocked, id=23643, stack(0x0000700013c54000,0x0000700013d54000)]
  0x00007fceb045b000 JavaThread "jar transforms Thread 1963" [_thread_blocked, id=45643, stack(0x0000700013b51000,0x0000700013c51000)]
  0x00007fceac2bd800 JavaThread "jar transforms Thread 1962" [_thread_blocked, id=61195, stack(0x0000700013a4e000,0x0000700013b4e000)]
  0x00007fceac2bc800 JavaThread "jar transforms Thread 1961" [_thread_blocked, id=38487, stack(0x000070001394b000,0x0000700013a4b000)]
  0x00007fceac1ae000 JavaThread "jar transforms Thread 1960" [_thread_blocked, id=43583, stack(0x0000700013848000,0x0000700013948000)]
  0x00007fceac1ad800 JavaThread "jar transforms Thread 1959" [_thread_blocked, id=70467, stack(0x0000700013745000,0x0000700013845000)]
  0x00007fcea8508000 JavaThread "jar transforms Thread 1958" [_thread_blocked, id=69187, stack(0x0000700013642000,0x0000700013742000)]
  0x00007fcea8507000 JavaThread "jar transforms Thread 1957" [_thread_blocked, id=59715, stack(0x000070001353f000,0x000070001363f000)]
  0x00007fcea83ad000 JavaThread "jar transforms Thread 1956" [_thread_blocked, id=60999, stack(0x000070001343c000,0x000070001353c000)]
  0x00007fcea83ac800 JavaThread "jar transforms Thread 1955" [_thread_blocked, id=30531, stack(0x0000700013339000,0x0000700013439000)]
  0x00007fceac6c9800 JavaThread "jar transforms Thread 1954" [_thread_blocked, id=95511, stack(0x0000700013236000,0x0000700013336000)]
  0x00007fcea8192800 JavaThread "jar transforms Thread 1953" [_thread_blocked, id=26631, stack(0x0000700013133000,0x0000700013233000)]
  0x00007fceac1ef800 JavaThread "jar transforms Thread 1952" [_thread_blocked, id=31811, stack(0x0000700013030000,0x0000700013130000)]
  0x00007fcea95c9800 JavaThread "jar transforms Thread 1951" [_thread_blocked, id=33859, stack(0x0000700012f2d000,0x000070001302d000)]
  0x00007fcea95c9000 JavaThread "jar transforms Thread 1950" [_thread_blocked, id=30275, stack(0x0000700012e2a000,0x0000700012f2a000)]
  0x00007fcea95bf800 JavaThread "jar transforms Thread 1949" [_thread_blocked, id=30787, stack(0x0000700012d27000,0x0000700012e27000)]
  0x00007fcea95be800 JavaThread "jar transforms Thread 1948" [_thread_blocked, id=127255, stack(0x0000700012c24000,0x0000700012d24000)]
  0x00007fceabfb6800 JavaThread "jar transforms Thread 1947" [_thread_blocked, id=75587, stack(0x0000700012b21000,0x0000700012c21000)]
  0x00007fceabfb5800 JavaThread "jar transforms Thread 1946" [_thread_blocked, id=57667, stack(0x0000700012a1e000,0x0000700012b1e000)]
  0x00007fceabd47000 JavaThread "jar transforms Thread 1945" [_thread_blocked, id=30019, stack(0x000070001291b000,0x0000700012a1b000)]
  0x00007fceabd46800 JavaThread "jar transforms Thread 1944" [_thread_blocked, id=76611, stack(0x0000700012818000,0x0000700012918000)]
  0x00007fceabdc4000 JavaThread "jar transforms Thread 1943" [_thread_blocked, id=57351, stack(0x0000700012715000,0x0000700012815000)]
  0x00007fceabdc3000 JavaThread "jar transforms Thread 1942" [_thread_blocked, id=59203, stack(0x0000700012612000,0x0000700012712000)]
  0x00007fcea850d800 JavaThread "jar transforms Thread 1941" [_thread_blocked, id=76295, stack(0x000070001250f000,0x000070001260f000)]
  0x00007fceac6aa800 JavaThread "jar transforms Thread 1940" [_thread_blocked, id=58435, stack(0x000070001240c000,0x000070001250c000)]
  0x00007fceac1a8000 JavaThread "jar transforms Thread 1939" [_thread_blocked, id=57155, stack(0x0000700012309000,0x0000700012409000)]
  0x00007fceac679800 JavaThread "jar transforms Thread 1938" [_thread_blocked, id=78915, stack(0x0000700012206000,0x0000700012306000)]
  0x00007fcea95ce800 JavaThread "jar transforms Thread 1937" [_thread_blocked, id=79427, stack(0x0000700012103000,0x0000700012203000)]
  0x00007fcea95ce000 JavaThread "jar transforms Thread 1936" [_thread_blocked, id=66371, stack(0x0000700012000000,0x0000700012100000)]
  0x00007fceab787800 JavaThread "jar transforms Thread 1935" [_thread_blocked, id=78087, stack(0x0000700011efd000,0x0000700011ffd000)]
  0x00007fceab786800 JavaThread "jar transforms Thread 1934" [_thread_blocked, id=66115, stack(0x0000700011dfa000,0x0000700011efa000)]
  0x00007fceab5d2000 JavaThread "jar transforms Thread 1933" [_thread_blocked, id=66627, stack(0x0000700011cf7000,0x0000700011df7000)]
  0x00007fceaba3c800 JavaThread "jar transforms Thread 1932" [_thread_blocked, id=130883, stack(0x0000700011bf4000,0x0000700011cf4000)]
  0x00007fceb041b000 JavaThread "jar transforms Thread 1931" [_thread_blocked, id=28679, stack(0x0000700011af1000,0x0000700011bf1000)]
  0x00007fceb0667000 JavaThread "jar transforms Thread 1930" [_thread_blocked, id=79171, stack(0x00007000119ee000,0x0000700011aee000)]
  0x00007fceb013d000 JavaThread "jar transforms Thread 1929" [_thread_blocked, id=65287, stack(0x00007000118eb000,0x00007000119eb000)]
  0x00007fceabe65000 JavaThread "jar transforms Thread 1928" [_thread_blocked, id=68103, stack(0x00007000117e8000,0x00007000118e8000)]
  0x00007fceab5d1800 JavaThread "jar transforms Thread 1927" [_thread_blocked, id=67395, stack(0x00007000116e5000,0x00007000117e5000)]
  0x00007fcea80ef000 JavaThread "jar transforms Thread 1926" [_thread_blocked, id=54535, stack(0x00007000115e2000,0x00007000116e2000)]
  0x00007fceac6a3800 JavaThread "jar transforms Thread 1925" [_thread_blocked, id=27971, stack(0x00007000114df000,0x00007000115df000)]
  0x00007fcea829a000 JavaThread "jar transforms Thread 1924" [_thread_blocked, id=80195, stack(0x00007000113dc000,0x00007000114dc000)]
  0x00007fceac6e3000 JavaThread "jar transforms Thread 1923" [_thread_blocked, id=53827, stack(0x00007000112d9000,0x00007000113d9000)]
  0x00007fceac41e000 JavaThread "jar transforms Thread 1922" [_thread_blocked, id=27715, stack(0x00007000111d6000,0x00007000112d6000)]
  0x00007fceac77a800 JavaThread "jar transforms Thread 1921" [_thread_blocked, id=28935, stack(0x00007000110d3000,0x00007000111d3000)]
  0x00007fcea8136800 JavaThread "jar transforms Thread 1920" [_thread_blocked, id=39491, stack(0x0000700010fd0000,0x00007000110d0000)]
  0x00007fcea7b52000 JavaThread "jar transforms Thread 1919" [_thread_blocked, id=71687, stack(0x0000700010ecd000,0x0000700010fcd000)]
  0x00007fcea7b51800 JavaThread "jar transforms Thread 1918" [_thread_blocked, id=51719, stack(0x0000700010dca000,0x0000700010eca000)]
  0x00007fcea9185800 JavaThread "jar transforms Thread 1917" [_thread_blocked, id=81671, stack(0x00007000107b8000,0x00007000108b8000)]
  0x00007fceaac48000 JavaThread "jar transforms Thread 1916" [_thread_blocked, id=26435, stack(0x00007000106b5000,0x00007000107b5000)]
  0x00007fceaa4cf800 JavaThread "jar transforms Thread 1915" [_thread_blocked, id=39747, stack(0x00007000105b2000,0x00007000106b2000)]
  0x00007fceab4f6000 JavaThread "jar transforms Thread 1914" [_thread_blocked, id=50499, stack(0x00007000104af000,0x00007000105af000)]
  0x00007fceaa5e9800 JavaThread "jar transforms Thread 1913" [_thread_blocked, id=50755, stack(0x00007000103ac000,0x00007000104ac000)]
  0x00007fceaa785000 JavaThread "jar transforms Thread 1912" [_thread_blocked, id=81219, stack(0x00007000102a9000,0x00007000103a9000)]
  0x00007fcea9189000 JavaThread "jar transforms Thread 1911" [_thread_blocked, id=21827, stack(0x00007000101a6000,0x00007000102a6000)]
  0x00007fceb077f000 JavaThread "jar transforms Thread 1910" [_thread_blocked, id=42051, stack(0x00007000100a3000,0x00007000101a3000)]
  0x00007fceab29e000 JavaThread "jar transforms Thread 1909" [_thread_blocked, id=89863, stack(0x000070000ffa0000,0x00007000100a0000)]
  0x00007fceab6c9000 JavaThread "jar transforms Thread 1908" [_thread_blocked, id=38151, stack(0x000070000fe9d000,0x000070000ff9d000)]
  0x00007fceabeed800 JavaThread "jar transforms Thread 1907" [_thread_blocked, id=83735, stack(0x000070000fd9a000,0x000070000fe9a000)]
  0x00007fcea815e000 JavaThread "jar transforms Thread 1906" [_thread_blocked, id=121679, stack(0x000070000fc97000,0x000070000fd97000)]
  0x00007fceb00a0000 JavaThread "jar transforms Thread 1905" [_thread_blocked, id=128083, stack(0x000070000fa91000,0x000070000fb91000)]
  0x00007fcea95cc800 JavaThread "Daemon worker Thread 17" [_thread_blocked, id=48463, stack(0x000070000ee6d000,0x000070000ef6d000)]
  0x00007fceabafe800 JavaThread "Daemon Thread 17" [_thread_blocked, id=89431, stack(0x000070000ea61000,0x000070000eb61000)]
  0x00007fceae8c0800 JavaThread "RMI RenewClean-[127.0.0.1:17322,org.jetbrains.kotlin.daemon.common.LoopbackNetworkInterface$ClientLoopbackSocketFactory@66c152f7]" daemon [_thread_blocked, id=119811, stack(0x0000700019968000,0x0000700019a68000)]
  0x00007fceac273800 JavaThread "RMI Reaper" [_thread_blocked, id=98563, stack(0x0000700019762000,0x0000700019862000)]
  0x00007fceac334800 JavaThread "RMI TCP Accept-0" daemon [_thread_in_native, id=98307, stack(0x000070001965f000,0x000070001975f000)]
  0x00007fceb1255800 JavaThread "GC Daemon" daemon [_thread_blocked, id=97795, stack(0x000070001955c000,0x000070001965c000)]
  0x00007fceb4454000 JavaThread "process reaper" daemon [_thread_in_native, id=121147, stack(0x0000700018326000,0x000070001834e000)]
  0x00007fceaf6e8000 JavaThread "MarlinRenderer Disposer" daemon [_thread_blocked, id=122695, stack(0x000070001852c000,0x000070001862c000)]
  0x00007fceb47ec000 JavaThread "Java2D Disposer" daemon [_thread_blocked, id=125523, stack(0x0000700018429000,0x0000700018529000)]
  0x00007fceabf56000 JavaThread "AWT-AppKit" daemon [_thread_in_native, id=775, stack(0x00007ffee31e3000,0x00007ffee39e3000)]
  0x00007fceb136b800 JavaThread "google-crash-pool-0" daemon [_thread_blocked, id=129827, stack(0x0000700019356000,0x0000700019456000)]
  0x00007fceabb1e800 JavaThread "Cache worker for Java compile cache (/Users/lukakordzaia/.gradle/caches/6.5/javaCompile)" [_thread_blocked, id=92679, stack(0x000070001862f000,0x000070001872f000)]
  0x00007fceb1e06800 JavaThread "RMI TCP Accept-0" daemon [_thread_in_native, id=94467, stack(0x0000700018b3e000,0x0000700018c3e000)]
  0x00007fceaaa43800 JavaThread "RMI Scheduler(0)" daemon [_thread_blocked, id=93699, stack(0x0000700018835000,0x0000700018935000)]
  0x00007fceaf566000 JavaThread "Memory manager" [_thread_blocked, id=19467, stack(0x0000700017a0b000,0x0000700017b0b000)]
  0x00007fcead987000 JavaThread "Cache worker for file content cache (/Users/lukakordzaia/.gradle/caches/6.5/fileContent)" [_thread_blocked, id=39171, stack(0x000070000fb94000,0x000070000fc94000)]
  0x00007fceaa25b800 JavaThread "Cache worker for execution history cache (/Users/lukakordzaia/.gradle/caches/6.5/executionHistory)" [_thread_blocked, id=24323, stack(0x000070000f98e000,0x000070000fa8e000)]
  0x00007fceabc93000 JavaThread "Cache worker for file hash cache (/Users/lukakordzaia/.gradle/caches/6.5/fileHashes)" [_thread_blocked, id=40963, stack(0x000070000f47f000,0x000070000f57f000)]
  0x00007fceaa4de000 JavaThread "File lock request listener" [_thread_in_native, id=41219, stack(0x000070000f37c000,0x000070000f47c000)]
  0x00007fceaa4da800 JavaThread "Cache worker for journal cache (/Users/lukakordzaia/.gradle/caches/journal-1)" [_thread_blocked, id=41731, stack(0x000070000f279000,0x000070000f379000)]
  0x00007fceaa4b3000 JavaThread "Daemon periodic checks" [_thread_blocked, id=14339, stack(0x000070000ec67000,0x000070000ed67000)]
  0x00007fceab487000 JavaThread "Incoming local TCP Connector on port 51931" [_thread_in_native, id=13827, stack(0x000070000e95e000,0x000070000ea5e000)]
  0x00007fceaa4b2800 JavaThread "Daemon health stats" [_thread_blocked, id=16131, stack(0x000070000e85b000,0x000070000e95b000)]
  0x00007fceab83b000 JavaThread "Service Thread" daemon [_thread_blocked, id=16899, stack(0x000070000e655000,0x000070000e755000)]
  0x00007fceab014000 JavaThread "C1 CompilerThread2" daemon [_thread_blocked, id=17411, stack(0x000070000e552000,0x000070000e652000)]
=>0x00007fceaa02c000 JavaThread "C2 CompilerThread1" daemon [_thread_in_native, id=17923, stack(0x000070000e44f000,0x000070000e54f000)]
  0x00007fceaa816800 JavaThread "C2 CompilerThread0" daemon [_thread_in_native, id=18179, stack(0x000070000e34c000,0x000070000e44c000)]
  0x00007fceaa804800 JavaThread "Signal Dispatcher" daemon [_thread_blocked, id=13059, stack(0x000070000e249000,0x000070000e349000)]
  0x00007fceab804800 JavaThread "Finalizer" daemon [_thread_blocked, id=11523, stack(0x000070000e146000,0x000070000e246000)]
  0x00007fceab013000 JavaThread "Reference Handler" daemon [_thread_blocked, id=20227, stack(0x000070000e043000,0x000070000e143000)]
  0x00007fceab807000 JavaThread "main" [_thread_blocked, id=6147, stack(0x000070000da31000,0x000070000db31000)]

Other Threads:
  0x00007fceab00e000 VMThread [stack: 0x000070000df40000,0x000070000e040000] [id=20739]
  0x00007fceab85b000 WatcherThread [stack: 0x000070000e758000,0x000070000e858000] [id=16387]

VM state:not at safepoint (normal execution)

VM Mutex/Monitor currently owned by a thread: None

heap address: 0x0000000740000000, size: 2048 MB, Compressed Oops mode: Zero based, Oop shift amount: 3
Narrow klass base: 0x0000000000000000, Narrow klass shift: 3
Compressed class space size: 1073741824 Address: 0x00000007c0000000

Heap:
 PSYoungGen      total 632832K, used 83365K [0x0000000795580000, 0x00000007bf900000, 0x00000007c0000000)
  eden space 580096K, 11% used [0x0000000795580000,0x0000000799560378,0x00000007b8c00000)
  from space 52736K, 34% used [0x00000007bc580000,0x00000007bd7092d0,0x00000007bf900000)
  to   space 55808K, 0% used [0x00000007b8c00000,0x00000007b8c00000,0x00000007bc280000)
 ParOldGen       total 694784K, used 603675K [0x0000000740000000, 0x000000076a680000, 0x0000000795580000)
  object space 694784K, 86% used [0x0000000740000000,0x0000000764d86ca8,0x000000076a680000)
 Metaspace       used 265074K, capacity 279640K, committed 279832K, reserved 1294336K
  class space    used 32062K, capacity 34566K, committed 34608K, reserved 1048576K

Card table byte_map: [0x000000010de78000,0x000000010e279000] byte_map_base: 0x000000010a478000

Marking Bits: (ParMarkBitMap*) 0x000000010d4273f8
 Begin Bits: [0x0000000121008000, 0x0000000123008000)
 End Bits:   [0x0000000123008000, 0x0000000125008000)

Polling page: 0x000000010c2ad000

CodeCache: size=245760Kb used=139892Kb max_used=140135Kb free=105867Kb
 bounds [0x0000000112008000, 0x000000011a9c8000, 0x0000000121008000]
 total_blobs=41301 nmethods=40191 adapters=1021
 compilation: enabled

Compilation events (10 events):
Event: 5664.981 Thread 0x00007fceaa816800 nmethod 56393 0x00000001192de7d0 code [0x00000001192de920, 0x00000001192de9d8]
Event: 5664.982 Thread 0x00007fceaa816800 56394       4       com.android.tools.r8.graph.C0$e::lookupPrototypeChanges (4 bytes)
Event: 5664.982 Thread 0x00007fceaa816800 nmethod 56394 0x00000001188a9d90 code [0x00000001188a9ee0, 0x00000001188a9f58]
Event: 5664.982 Thread 0x00007fceaa816800 56395       4       com.android.tools.r8.s.b.X::<init> (105 bytes)
Event: 5664.983 Thread 0x00007fceaa816800 nmethod 56395 0x0000000119be6010 code [0x0000000119be6160, 0x0000000119be6248]
Event: 5664.983 Thread 0x00007fceaa816800 56396       4       com.android.tools.r8.s.a.p.t::a (54 bytes)
Event: 5665.001 Thread 0x00007fceaa816800 nmethod 56396 0x0000000118ff2ed0 code [0x0000000118ff3120, 0x0000000118ff39a0]
Event: 5665.002 Thread 0x00007fceaa816800 56397       4       com.android.tools.r8.graph.f::a (67 bytes)
Event: 5665.003 Thread 0x00007fceaa816800 nmethod 56397 0x000000011910c910 code [0x000000011910ca60, 0x000000011910cb58]
Event: 5665.003 Thread 0x00007fceaa816800 56374       4       com.android.tools.r8.graph.g1::a (10 bytes)

GC Heap History (10 events):
Event: 5661.765 GC heap before
{Heap before GC invocations=156 (full 8):
 PSYoungGen      total 626688K, used 591702K [0x0000000795580000, 0x00000007bfe80000, 0x00000007c0000000)
  eden space 562688K, 100% used [0x0000000795580000,0x00000007b7b00000,0x00000007b7b00000)
  from space 64000K, 45% used [0x00000007b7b00000,0x00000007b9755b78,0x00000007bb980000)
  to   space 63488K, 0% used [0x00000007bc080000,0x00000007bc080000,0x00000007bfe80000)
 ParOldGen       total 694784K, used 578928K [0x0000000740000000, 0x000000076a680000, 0x0000000795580000)
  object space 694784K, 83% used [0x0000000740000000,0x000000076355c378,0x000000076a680000)
 Metaspace       used 265026K, capacity 279572K, committed 279832K, reserved 1294336K
  class space    used 32062K, capacity 34566K, committed 34608K, reserved 1048576K
Event: 5661.781 GC heap after
Heap after GC invocations=156 (full 8):
 PSYoungGen      total 631808K, used 24631K [0x0000000795580000, 0x00000007bfb80000, 0x00000007c0000000)
  eden space 571392K, 0% used [0x0000000795580000,0x0000000795580000,0x00000007b8380000)
  from space 60416K, 40% used [0x00000007bc080000,0x00000007bd88dec0,0x00000007bfb80000)
  to   space 61440K, 0% used [0x00000007b8380000,0x00000007b8380000,0x00000007bbf80000)
 ParOldGen       total 694784K, used 579032K [0x0000000740000000, 0x000000076a680000, 0x0000000795580000)
  object space 694784K, 83% used [0x0000000740000000,0x0000000763576378,0x000000076a680000)
 Metaspace       used 265026K, capacity 279572K, committed 279832K, reserved 1294336K
  class space    used 32062K, capacity 34566K, committed 34608K, reserved 1048576K
}
Event: 5662.391 GC heap before
{Heap before GC invocations=157 (full 8):
 PSYoungGen      total 631808K, used 596023K [0x0000000795580000, 0x00000007bfb80000, 0x00000007c0000000)
  eden space 571392K, 100% used [0x0000000795580000,0x00000007b8380000,0x00000007b8380000)
  from space 60416K, 40% used [0x00000007bc080000,0x00000007bd88dec0,0x00000007bfb80000)
  to   space 61440K, 0% used [0x00000007b8380000,0x00000007b8380000,0x00000007bbf80000)
 ParOldGen       total 694784K, used 579032K [0x0000000740000000, 0x000000076a680000, 0x0000000795580000)
  object space 694784K, 83% used [0x0000000740000000,0x0000000763576378,0x000000076a680000)
 Metaspace       used 265029K, capacity 279572K, committed 279832K, reserved 1294336K
  class space    used 32062K, capacity 34566K, committed 34608K, reserved 1048576K
Event: 5662.415 GC heap after
Heap after GC invocations=157 (full 8):
 PSYoungGen      total 632832K, used 23807K [0x0000000795580000, 0x00000007bfc00000, 0x00000007c0000000)
  eden space 571392K, 0% used [0x0000000795580000,0x0000000795580000,0x00000007b8380000)
  from space 61440K, 38% used [0x00000007b8380000,0x00000007b9abfca0,0x00000007bbf80000)
  to   space 58880K, 0% used [0x00000007bc280000,0x00000007bc280000,0x00000007bfc00000)
 ParOldGen       total 694784K, used 590523K [0x0000000740000000, 0x000000076a680000, 0x0000000795580000)
  object space 694784K, 84% used [0x0000000740000000,0x00000007640aedc8,0x000000076a680000)
 Metaspace       used 265029K, capacity 279572K, committed 279832K, reserved 1294336K
  class space    used 32062K, capacity 34566K, committed 34608K, reserved 1048576K
}
Event: 5663.022 GC heap before
{Heap before GC invocations=158 (full 8):
 PSYoungGen      total 632832K, used 595199K [0x0000000795580000, 0x00000007bfc00000, 0x00000007c0000000)
  eden space 571392K, 100% used [0x0000000795580000,0x00000007b8380000,0x00000007b8380000)
  from space 61440K, 38% used [0x00000007b8380000,0x00000007b9abfca0,0x00000007bbf80000)
  to   space 58880K, 0% used [0x00000007bc280000,0x00000007bc280000,0x00000007bfc00000)
 ParOldGen       total 694784K, used 590523K [0x0000000740000000, 0x000000076a680000, 0x0000000795580000)
  object space 694784K, 84% used [0x0000000740000000,0x00000007640aedc8,0x000000076a680000)
 Metaspace       used 265044K, capacity 279572K, committed 279832K, reserved 1294336K
  class space    used 32062K, capacity 34566K, committed 34608K, reserved 1048576K
Event: 5663.045 GC heap after
Heap after GC invocations=158 (full 8):
 PSYoungGen      total 634880K, used 32923K [0x0000000795580000, 0x00000007bff80000, 0x00000007c0000000)
  eden space 576000K, 0% used [0x0000000795580000,0x0000000795580000,0x00000007b8800000)
  from space 58880K, 55% used [0x00000007bc280000,0x00000007be2a6e18,0x00000007bfc00000)
  to   space 59904K, 0% used [0x00000007b8800000,0x00000007b8800000,0x00000007bc280000)
 ParOldGen       total 694784K, used 591282K [0x0000000740000000, 0x000000076a680000, 0x0000000795580000)
  object space 694784K, 85% used [0x0000000740000000,0x000000076416cbf0,0x000000076a680000)
 Metaspace       used 265044K, capacity 279572K, committed 279832K, reserved 1294336K
  class space    used 32062K, capacity 34566K, committed 34608K, reserved 1048576K
}
Event: 5663.695 GC heap before
{Heap before GC invocations=159 (full 8):
 PSYoungGen      total 634880K, used 608923K [0x0000000795580000, 0x00000007bff80000, 0x00000007c0000000)
  eden space 576000K, 100% used [0x0000000795580000,0x00000007b8800000,0x00000007b8800000)
  from space 58880K, 55% used [0x00000007bc280000,0x00000007be2a6e18,0x00000007bfc00000)
  to   space 59904K, 0% used [0x00000007b8800000,0x00000007b8800000,0x00000007bc280000)
 ParOldGen       total 694784K, used 591282K [0x0000000740000000, 0x000000076a680000, 0x0000000795580000)
  object space 694784K, 85% used [0x0000000740000000,0x000000076416cbf0,0x000000076a680000)
 Metaspace       used 265050K, capacity 279636K, committed 279832K, reserved 1294336K
  class space    used 32062K, capacity 34566K, committed 34608K, reserved 1048576K
Event: 5663.715 GC heap after
Heap after GC invocations=159 (full 8):
 PSYoungGen      total 635904K, used 28970K [0x0000000795580000, 0x00000007bff00000, 0x00000007c0000000)
  eden space 576000K, 0% used [0x0000000795580000,0x0000000795580000,0x00000007b8800000)
  from space 59904K, 48% used [0x00000007b8800000,0x00000007ba44a828,0x00000007bc280000)
  to   space 58880K, 0% used [0x00000007bc580000,0x00000007bc580000,0x00000007bff00000)
 ParOldGen       total 694784K, used 592018K [0x0000000740000000, 0x000000076a680000, 0x0000000795580000)
  object space 694784K, 85% used [0x0000000740000000,0x0000000764224bf0,0x000000076a680000)
 Metaspace       used 265050K, capacity 279636K, committed 279832K, reserved 1294336K
  class space    used 32062K, capacity 34566K, committed 34608K, reserved 1048576K
}
Event: 5664.810 GC heap before
{Heap before GC invocations=160 (full 8):
 PSYoungGen      total 635904K, used 604970K [0x0000000795580000, 0x00000007bff00000, 0x00000007c0000000)
  eden space 576000K, 100% used [0x0000000795580000,0x00000007b8800000,0x00000007b8800000)
  from space 59904K, 48% used [0x00000007b8800000,0x00000007ba44a828,0x00000007bc280000)
  to   space 58880K, 0% used [0x00000007bc580000,0x00000007bc580000,0x00000007bff00000)
 ParOldGen       total 694784K, used 592018K [0x0000000740000000, 0x000000076a680000, 0x0000000795580000)
  object space 694784K, 85% used [0x0000000740000000,0x0000000764224bf0,0x000000076a680000)
 Metaspace       used 265074K, capacity 279640K, committed 279832K, reserved 1294336K
  class space    used 32062K, capacity 34566K, committed 34608K, reserved 1048576K
Event: 5664.851 GC heap after
Heap after GC invocations=160 (full 8):
 PSYoungGen      total 632832K, used 17956K [0x0000000795580000, 0x00000007bf900000, 0x00000007c0000000)
  eden space 580096K, 0% used [0x0000000795580000,0x0000000795580000,0x00000007b8c00000)
  from space 52736K, 34% used [0x00000007bc580000,0x00000007bd7092d0,0x00000007bf900000)
  to   space 55808K, 0% used [0x00000007b8c00000,0x00000007b8c00000,0x00000007bc280000)
 ParOldGen       total 694784K, used 603675K [0x0000000740000000, 0x000000076a680000, 0x0000000795580000)
  object space 694784K, 86% used [0x0000000740000000,0x0000000764d86ca8,0x000000076a680000)
 Metaspace       used 265074K, capacity 279640K, committed 279832K, reserved 1294336K
  class space    used 32062K, capacity 34566K, committed 34608K, reserved 1048576K
}

Deoptimization events (10 events):
Event: 5660.064 Thread 0x00007fceaa936000 Uncommon trap: reason=bimorphic action=maybe_recompile pc=0x000000011a7d832c method=com.android.tools.r8.ir.conversion.N.a(Lcom/android/tools/r8/s/b/g;)V @ 27
Event: 5660.072 Thread 0x00007fceab8a7000 Uncommon trap: reason=bimorphic action=maybe_recompile pc=0x000000011a7d832c method=com.android.tools.r8.ir.conversion.N.a(Lcom/android/tools/r8/s/b/g;)V @ 27
Event: 5660.073 Thread 0x00007fceab8a7000 Uncommon trap: reason=bimorphic action=maybe_recompile pc=0x000000011a8c6ad4 method=com.android.tools.r8.ir.conversion.N.a(ILcom/android/tools/r8/s/a/p/u;Lcom/android/tools/r8/s/b/o$e;)Lcom/android/tools/r8/s/b/q1; @ 12
Event: 5660.073 Thread 0x00007fceab8a7000 Uncommon trap: reason=bimorphic action=maybe_recompile pc=0x000000011a8c6ad4 method=com.android.tools.r8.ir.conversion.N.a(ILcom/android/tools/r8/s/a/p/u;Lcom/android/tools/r8/s/b/o$e;)Lcom/android/tools/r8/s/b/q1; @ 12
Event: 5661.195 Thread 0x00007fceac2ba000 Uncommon trap: reason=class_check action=maybe_recompile pc=0x000000011a468278 method=com.android.tools.r8.t.a.a.a.h.a0.put(Ljava/lang/Object;Ljava/lang/Object;)Ljava/lang/Object; @ 127
Event: 5662.354 Thread 0x00007fceac2ba000 Uncommon trap: reason=class_check action=maybe_recompile pc=0x000000011a468278 method=com.android.tools.r8.t.a.a.a.h.a0.put(Ljava/lang/Object;Ljava/lang/Object;)Ljava/lang/Object; @ 127
Event: 5662.706 Thread 0x00007fceac2ba000 Uncommon trap: reason=predicate action=maybe_recompile pc=0x0000000119cf3570 method=com.android.tools.r8.q.a.a.b.j2.a(I[Ljava/util/Map$Entry;)Lcom/android/tools/r8/q/a/a/b/j2; @ 59
Event: 5664.389 Thread 0x00007fceac2ba000 Uncommon trap: reason=unstable_if action=reinterpret pc=0x0000000119f0ca78 method=com.android.tools.r8.dex.D.a(Lcom/android/tools/r8/graph/W;Z)V @ 1
Event: 5664.713 Thread 0x00007fceb01ff800 Uncommon trap: reason=null_check action=make_not_entrant pc=0x0000000119549aa4 method=com.android.tools.r8.graph.Z0.a(Lcom/android/tools/r8/graph/d0;)Lcom/android/tools/r8/graph/W; @ 16
Event: 5664.713 Thread 0x00007fceb01ff800 Uncommon trap: reason=null_check action=make_not_entrant pc=0x00000001185a60d4 method=com.android.tools.r8.graph.Z0.a(Lcom/android/tools/r8/graph/d0;)Lcom/android/tools/r8/graph/W; @ 16

Classes redefined (0 events):
No events

Internal exceptions (10 events):
Event: 5662.000 Thread 0x00007fceb01ff800 Exception <a 'sun/nio/fs/UnixException'> (0x00000007a188f5f8) thrown at [/Volumes/Android/buildbot/src/googleplex-android/openjdk/out/hotspot/src/share/vm/prims/jni.cpp, line 710]
Event: 5662.117 Thread 0x00007fceb01ff800 Exception <a 'sun/nio/fs/UnixException'> (0x00000007a97c8e98) thrown at [/Volumes/Android/buildbot/src/googleplex-android/openjdk/out/hotspot/src/share/vm/prims/jni.cpp, line 710]
Event: 5662.127 Thread 0x00007fceb01ff800 Exception <a 'sun/nio/fs/UnixException'> (0x00000007a987f268) thrown at [/Volumes/Android/buildbot/src/googleplex-android/openjdk/out/hotspot/src/share/vm/prims/jni.cpp, line 710]
Event: 5662.210 Thread 0x00007fceab8a7000 Exception <a 'sun/nio/fs/UnixException'> (0x00000007aefff948) thrown at [/Volumes/Android/buildbot/src/googleplex-android/openjdk/out/hotspot/src/share/vm/prims/jni.cpp, line 710]
Event: 5662.219 Thread 0x00007fceab8a7000 Exception <a 'sun/nio/fs/UnixException'> (0x00000007af0efdc0) thrown at [/Volumes/Android/buildbot/src/googleplex-android/openjdk/out/hotspot/src/share/vm/prims/jni.cpp, line 710]
Event: 5662.234 Thread 0x00007fcea95cc800 Exception <a 'sun/nio/fs/UnixException'> (0x00000007b13750d8) thrown at [/Volumes/Android/buildbot/src/googleplex-android/openjdk/out/hotspot/src/share/vm/prims/jni.cpp, line 710]
Event: 5662.257 Thread 0x00007fceaa936000 Exception <a 'sun/nio/fs/UnixException'> (0x00000007b22382c0) thrown at [/Volumes/Android/buildbot/src/googleplex-android/openjdk/out/hotspot/src/share/vm/prims/jni.cpp, line 710]
Event: 5664.421 Thread 0x00007fceac2ba000 Exception <a 'sun/nio/fs/UnixException'> (0x00000007acea9600) thrown at [/Volumes/Android/buildbot/src/googleplex-android/openjdk/out/hotspot/src/share/vm/prims/jni.cpp, line 710]
Event: 5664.713 Thread 0x00007fceb01ff800 Implicit null exception at 0x00000001195497d4 to 0x0000000119549a99
Event: 5664.713 Thread 0x00007fceb01ff800 Implicit null exception at 0x00000001185a5eec to 0x00000001185a60c9

Events (10 events):
Event: 5664.467 Thread 0x00007fceb01ff800 DEOPT PACKING pc=0x0000000118dce1c3 sp=0x0000700010cc04f0
Event: 5664.467 Thread 0x00007fceb01ff800 DEOPT UNPACKING pc=0x000000011204f4c4 sp=0x0000700010cc0610 mode 0
Event: 5664.713 Thread 0x00007fceb01ff800 Uncommon trap: trap_request=0xfffffff4 fr.pc=0x0000000119549aa4
Event: 5664.713 Thread 0x00007fceb01ff800 DEOPT PACKING pc=0x0000000119549aa4 sp=0x0000700010cc05c0
Event: 5664.713 Thread 0x00007fceb01ff800 DEOPT UNPACKING pc=0x000000011204d47a sp=0x0000700010cc0458 mode 2
Event: 5664.713 Thread 0x00007fceb01ff800 Uncommon trap: trap_request=0xfffffff4 fr.pc=0x00000001185a60d4
Event: 5664.713 Thread 0x00007fceb01ff800 DEOPT PACKING pc=0x00000001185a60d4 sp=0x0000700010cc0430
Event: 5664.713 Thread 0x00007fceb01ff800 DEOPT UNPACKING pc=0x000000011204d47a sp=0x0000700010cc0358 mode 2
Event: 5664.808 Executing VM operation: ParallelGCFailedAllocation
Event: 5664.851 Executing VM operation: ParallelGCFailedAllocation done


Dynamic libraries:
0x00007fff2edb1000 	/System/Library/Frameworks/Cocoa.framework/Versions/A/Cocoa
0x00007fff3b031000 	/System/Library/Frameworks/Security.framework/Versions/A/Security
0x00007fff2d9bb000 	/System/Library/Frameworks/ApplicationServices.framework/Versions/A/ApplicationServices
0x00007fff5c4a2000 	/usr/lib/libz.1.dylib
0x00007fff59b18000 	/usr/lib/libSystem.B.dylib
0x00007fff2f5d3000 	/System/Library/Frameworks/CoreFoundation.framework/Versions/A/CoreFoundation
0x00007fff31952000 	/System/Library/Frameworks/Foundation.framework/Versions/C/Foundation
0x00007fff5b5bf000 	/usr/lib/libobjc.A.dylib
0x00007fff2cb4a000 	/System/Library/Frameworks/AppKit.framework/Versions/C/AppKit
0x00007fff2f148000 	/System/Library/Frameworks/CoreData.framework/Versions/A/CoreData
0x00007fff52d0a000 	/System/Library/PrivateFrameworks/RemoteViewServices.framework/Versions/A/RemoteViewServices
0x00007fff577f3000 	/System/Library/PrivateFrameworks/UIFoundation.framework/Versions/A/UIFoundation
0x00007fff58f9f000 	/System/Library/PrivateFrameworks/XCTTargetBootstrap.framework/Versions/A/XCTTargetBootstrap
0x00007fff4d869000 	/System/Library/PrivateFrameworks/IconServices.framework/Versions/A/IconServices
0x00007fff341f7000 	/System/Library/Frameworks/Metal.framework/Versions/A/Metal
0x00007fff44afb000 	/System/Library/PrivateFrameworks/DesktopServicesPriv.framework/Versions/A/DesktopServicesPriv
0x00007fff5a8d3000 	/usr/lib/libenergytrace.dylib
0x00007fff5556c000 	/System/Library/PrivateFrameworks/SkyLight.framework/Versions/A/SkyLight
0x00007fff2fa24000 	/System/Library/Frameworks/CoreGraphics.framework/Versions/A/CoreGraphics
0x00007fff2b905000 	/System/Library/Frameworks/Accelerate.framework/Versions/A/Accelerate
0x00007fff320d8000 	/System/Library/Frameworks/IOSurface.framework/Versions/A/IOSurface
0x00007fff4495d000 	/System/Library/PrivateFrameworks/DFRFoundation.framework/Versions/A/DFRFoundation
0x00007fff2dec0000 	/System/Library/Frameworks/AudioToolbox.framework/Versions/A/AudioToolbox
0x00007fff2e15e000 	/System/Library/Frameworks/AudioUnit.framework/Versions/A/AudioUnit
0x00007fff449f4000 	/System/Library/PrivateFrameworks/DataDetectorsCore.framework/Versions/A/DataDetectorsCore
0x00007fff2e89d000 	/System/Library/Frameworks/Carbon.framework/Versions/A/Frameworks/HIToolbox.framework/Versions/A/HIToolbox
0x00007fff5aa2e000 	/usr/lib/libicucore.A.dylib
0x00007fff3a58d000 	/System/Library/Frameworks/QuartzCore.framework/Versions/A/QuartzCore
0x00007fff2ec84000 	/System/Library/Frameworks/Carbon.framework/Versions/A/Frameworks/SpeechRecognition.framework/Versions/A/SpeechRecognition
0x00007fff59c7b000 	/usr/lib/libauto.dylib
0x00007fff5c395000 	/usr/lib/libxml2.2.dylib
0x00007fff44562000 	/System/Library/PrivateFrameworks/CoreUI.framework/Versions/A/CoreUI
0x00007fff2f026000 	/System/Library/Frameworks/CoreAudio.framework/Versions/A/CoreAudio
0x00007fff31784000 	/System/Library/Frameworks/DiskArbitration.framework/Versions/A/DiskArbitration
0x00007fff5acde000 	/usr/lib/liblangid.dylib
0x00007fff4ed13000 	/System/Library/PrivateFrameworks/MultitouchSupport.framework/Versions/A/MultitouchSupport
0x00007fff32045000 	/System/Library/Frameworks/IOKit.framework/Versions/A/IOKit
0x00007fff59766000 	/usr/lib/libDiagnosticMessagesClient.dylib
0x00007fff3088f000 	/System/Library/Frameworks/CoreServices.framework/Versions/A/CoreServices
0x00007fff50a3d000 	/System/Library/PrivateFrameworks/PerformanceAnalysis.framework/Versions/A/PerformanceAnalysis
0x00007fff39722000 	/System/Library/Frameworks/OpenGL.framework/Versions/A/OpenGL
0x00007fff2edbf000 	/System/Library/Frameworks/ColorSync.framework/Versions/A/ColorSync
0x00007fff300b3000 	/System/Library/Frameworks/CoreImage.framework/Versions/A/CoreImage
0x00007fff312cd000 	/System/Library/Frameworks/CoreText.framework/Versions/A/CoreText
0x00007fff32139000 	/System/Library/Frameworks/ImageIO.framework/Versions/A/ImageIO
0x00007fff40bd8000 	/System/Library/PrivateFrameworks/Backup.framework/Versions/A/Backup
0x00007fff59bce000 	/usr/lib/libarchive.2.dylib
0x00007fff2e4c2000 	/System/Library/Frameworks/CFNetwork.framework/Versions/A/CFNetwork
0x00007fff3b7da000 	/System/Library/Frameworks/SystemConfiguration.framework/Versions/A/SystemConfiguration
0x00007fff5968f000 	/usr/lib/libCRFSuite.dylib
0x00007fff59d73000 	/usr/lib/libc++.1.dylib
0x00007fff59dcb000 	/usr/lib/libc++abi.dylib
0x00007fff5c525000 	/usr/lib/system/libcache.dylib
0x00007fff5c52a000 	/usr/lib/system/libcommonCrypto.dylib
0x00007fff5c535000 	/usr/lib/system/libcompiler_rt.dylib
0x00007fff5c53d000 	/usr/lib/system/libcopyfile.dylib
0x00007fff5c547000 	/usr/lib/system/libcorecrypto.dylib
0x00007fff5c651000 	/usr/lib/system/libdispatch.dylib
0x00007fff5c68c000 	/usr/lib/system/libdyld.dylib
0x00007fff5c6bc000 	/usr/lib/system/libkeymgr.dylib
0x00007fff5c6ca000 	/usr/lib/system/liblaunch.dylib
0x00007fff5c6cb000 	/usr/lib/system/libmacho.dylib
0x00007fff5c6d1000 	/usr/lib/system/libquarantine.dylib
0x00007fff5c6d4000 	/usr/lib/system/libremovefile.dylib
0x00007fff5c6d6000 	/usr/lib/system/libsystem_asl.dylib
0x00007fff5c6ee000 	/usr/lib/system/libsystem_blocks.dylib
0x00007fff5c6ef000 	/usr/lib/system/libsystem_c.dylib
0x00007fff5c778000 	/usr/lib/system/libsystem_configuration.dylib
0x00007fff5c77c000 	/usr/lib/system/libsystem_coreservices.dylib
0x00007fff5c780000 	/usr/lib/system/libsystem_darwin.dylib
0x00007fff5c787000 	/usr/lib/system/libsystem_dnssd.dylib
0x00007fff5c78e000 	/usr/lib/system/libsystem_info.dylib
0x00007fff5c803000 	/usr/lib/system/libsystem_m.dylib
0x00007fff5c84f000 	/usr/lib/system/libsystem_malloc.dylib
0x00007fff5c874000 	/usr/lib/system/libsystem_networkextension.dylib
0x00007fff5c880000 	/usr/lib/system/libsystem_notify.dylib
0x00007fff5c89d000 	/usr/lib/system/libsystem_sandbox.dylib
0x00007fff5c8a1000 	/usr/lib/system/libsystem_secinit.dylib
0x00007fff5c7db000 	/usr/lib/system/libsystem_kernel.dylib
0x00007fff5c888000 	/usr/lib/system/libsystem_platform.dylib
0x00007fff5c892000 	/usr/lib/system/libsystem_pthread.dylib
0x00007fff5c8a4000 	/usr/lib/system/libsystem_symptoms.dylib
0x00007fff5c8ac000 	/usr/lib/system/libsystem_trace.dylib
0x00007fff5c8c3000 	/usr/lib/system/libunwind.dylib
0x00007fff5c8c9000 	/usr/lib/system/libxpc.dylib
0x00007fff59d53000 	/usr/lib/libbsm.0.dylib
0x00007fff5c6bd000 	/usr/lib/system/libkxld.dylib
0x00007fff3fe94000 	/System/Library/PrivateFrameworks/AppleFSCompression.framework/Versions/A/AppleFSCompression
0x00007fff599d7000 	/usr/lib/libOpenScriptingUtil.dylib
0x00007fff5a0b6000 	/usr/lib/libcoretls.dylib
0x00007fff5a0cd000 	/usr/lib/libcoretls_cfhelpers.dylib
0x00007fff5bd58000 	/usr/lib/libpam.2.dylib
0x00007fff5bf1b000 	/usr/lib/libsqlite3.dylib
0x00007fff5c383000 	/usr/lib/libxar.1.dylib
0x00007fff59d64000 	/usr/lib/libbz2.1.0.dylib
0x00007fff5ace0000 	/usr/lib/liblzma.5.dylib
0x00007fff5b1d6000 	/usr/lib/libnetwork.dylib
0x00007fff59bb7000 	/usr/lib/libapple_nghttp2.dylib
0x00007fff5bd5f000 	/usr/lib/libpcap.A.dylib
0x00007fff30c33000 	/System/Library/Frameworks/CoreServices.framework/Versions/A/Frameworks/FSEvents.framework/Versions/A/FSEvents
0x00007fff3090f000 	/System/Library/Frameworks/CoreServices.framework/Versions/A/Frameworks/CarbonCore.framework/Versions/A/CarbonCore
0x00007fff30e08000 	/System/Library/Frameworks/CoreServices.framework/Versions/A/Frameworks/Metadata.framework/Versions/A/Metadata
0x00007fff30eab000 	/System/Library/Frameworks/CoreServices.framework/Versions/A/Frameworks/OSServices.framework/Versions/A/OSServices
0x00007fff30ef7000 	/System/Library/Frameworks/CoreServices.framework/Versions/A/Frameworks/SearchKit.framework/Versions/A/SearchKit
0x00007fff30890000 	/System/Library/Frameworks/CoreServices.framework/Versions/A/Frameworks/AE.framework/Versions/A/AE
0x00007fff30c3c000 	/System/Library/Frameworks/CoreServices.framework/Versions/A/Frameworks/LaunchServices.framework/Versions/A/LaunchServices
0x00007fff30be8000 	/System/Library/Frameworks/CoreServices.framework/Versions/A/Frameworks/DictionaryServices.framework/Versions/A/DictionaryServices
0x00007fff30f66000 	/System/Library/Frameworks/CoreServices.framework/Versions/A/Frameworks/SharedFileList.framework/Versions/A/SharedFileList
0x00007fff356b2000 	/System/Library/Frameworks/NetFS.framework/Versions/A/NetFS
0x00007fff4efaf000 	/System/Library/PrivateFrameworks/NetAuth.framework/Versions/A/NetAuth
0x00007fff593d3000 	/System/Library/PrivateFrameworks/login.framework/Versions/A/Frameworks/loginsupport.framework/Versions/A/loginsupport
0x00007fff573ef000 	/System/Library/PrivateFrameworks/TCC.framework/Versions/A/TCC
0x00007fff43b8a000 	/System/Library/PrivateFrameworks/CoreNLP.framework/Versions/A/CoreNLP
0x00007fff4ea05000 	/System/Library/PrivateFrameworks/MetadataUtilities.framework/Versions/A/MetadataUtilities
0x00007fff5adc1000 	/usr/lib/libmecabra.dylib
0x00007fff2d9bc000 	/System/Library/Frameworks/ApplicationServices.framework/Versions/A/Frameworks/ATS.framework/Versions/A/ATS
0x00007fff2dd27000 	/System/Library/Frameworks/ApplicationServices.framework/Versions/A/Frameworks/ColorSyncLegacy.framework/Versions/A/ColorSyncLegacy
0x00007fff2ddc8000 	/System/Library/Frameworks/ApplicationServices.framework/Versions/A/Frameworks/HIServices.framework/Versions/A/HIServices
0x00007fff2de1b000 	/System/Library/Frameworks/ApplicationServices.framework/Versions/A/Frameworks/LangAnalysis.framework/Versions/A/LangAnalysis
0x00007fff2de2a000 	/System/Library/Frameworks/ApplicationServices.framework/Versions/A/Frameworks/PrintCore.framework/Versions/A/PrintCore
0x00007fff2de77000 	/System/Library/Frameworks/ApplicationServices.framework/Versions/A/Frameworks/QD.framework/Versions/A/QD
0x00007fff2deb3000 	/System/Library/Frameworks/ApplicationServices.framework/Versions/A/Frameworks/SpeechSynthesis.framework/Versions/A/SpeechSynthesis
0x00007fff59df3000 	/usr/lib/libcompression.dylib
0x00007fff2f4e9000 	/System/Library/Frameworks/CoreDisplay.framework/Versions/A/CoreDisplay
0x00007fff344b3000 	/System/Library/Frameworks/MetalPerformanceShaders.framework/Versions/A/MetalPerformanceShaders
0x00007fff2b91d000 	/System/Library/Frameworks/Accelerate.framework/Versions/A/Frameworks/vImage.framework/Versions/A/vImage
0x00007fff2c999000 	/System/Library/Frameworks/Accelerate.framework/Versions/A/Frameworks/vecLib.framework/Versions/A/vecLib
0x00007fff2c8e3000 	/System/Library/Frameworks/Accelerate.framework/Versions/A/Frameworks/vecLib.framework/Versions/A/libvMisc.dylib
0x00007fff2c6fe000 	/System/Library/Frameworks/Accelerate.framework/Versions/A/Frameworks/vecLib.framework/Versions/A/libvDSP.dylib
0x00007fff2bfbe000 	/System/Library/Frameworks/Accelerate.framework/Versions/A/Frameworks/vecLib.framework/Versions/A/libBLAS.dylib
0x00007fff2c2a9000 	/System/Library/Frameworks/Accelerate.framework/Versions/A/Frameworks/vecLib.framework/Versions/A/libLAPACK.dylib
0x00007fff2c650000 	/System/Library/Frameworks/Accelerate.framework/Versions/A/Frameworks/vecLib.framework/Versions/A/libLinearAlgebra.dylib
0x00007fff2c6ea000 	/System/Library/Frameworks/Accelerate.framework/Versions/A/Frameworks/vecLib.framework/Versions/A/libSparseBLAS.dylib
0x00007fff2c666000 	/System/Library/Frameworks/Accelerate.framework/Versions/A/Frameworks/vecLib.framework/Versions/A/libQuadrature.dylib
0x00007fff2c236000 	/System/Library/Frameworks/Accelerate.framework/Versions/A/Frameworks/vecLib.framework/Versions/A/libBNNS.dylib
0x00007fff2c66c000 	/System/Library/Frameworks/Accelerate.framework/Versions/A/Frameworks/vecLib.framework/Versions/A/libSparse.dylib
0x00007fff4b088000 	/System/Library/PrivateFrameworks/GPUWrangler.framework/Versions/A/GPUWrangler
0x00007fff4d432000 	/System/Library/PrivateFrameworks/IOAccelerator.framework/Versions/A/IOAccelerator
0x00007fff4d43d000 	/System/Library/PrivateFrameworks/IOPresentment.framework/Versions/A/IOPresentment
0x00007fff4496d000 	/System/Library/PrivateFrameworks/DSExternalDisplay.framework/Versions/A/DSExternalDisplay
0x00007fff38b67000 	/System/Library/Frameworks/OpenGL.framework/Versions/A/Libraries/libCoreFSCache.dylib
0x00007fff342a7000 	/System/Library/Frameworks/MetalPerformanceShaders.framework/Frameworks/MPSCore.framework/Versions/A/MPSCore
0x00007fff342c8000 	/System/Library/Frameworks/MetalPerformanceShaders.framework/Frameworks/MPSImage.framework/Versions/A/MPSImage
0x00007fff3436f000 	/System/Library/Frameworks/MetalPerformanceShaders.framework/Frameworks/MPSNeuralNetwork.framework/Versions/A/MPSNeuralNetwork
0x00007fff34346000 	/System/Library/Frameworks/MetalPerformanceShaders.framework/Frameworks/MPSMatrix.framework/Versions/A/MPSMatrix
0x00007fff34497000 	/System/Library/Frameworks/MetalPerformanceShaders.framework/Frameworks/MPSRayIntersector.framework/Versions/A/MPSRayIntersector
0x00007fff4ea2e000 	/System/Library/PrivateFrameworks/MetalTools.framework/Versions/A/MetalTools
0x00007fff3f590000 	/System/Library/PrivateFrameworks/AggregateDictionary.framework/Versions/A/AggregateDictionary
0x00007fff599b7000 	/usr/lib/libMobileGestalt.dylib
0x00007fff31433000 	/System/Library/Frameworks/CoreVideo.framework/Versions/A/CoreVideo
0x00007fff4beec000 	/System/Library/PrivateFrameworks/GraphVisualizer.framework/Versions/A/GraphVisualizer
0x00007fff45c98000 	/System/Library/PrivateFrameworks/FaceCore.framework/Versions/A/FaceCore
0x00007fff3817e000 	/System/Library/Frameworks/OpenCL.framework/Versions/A/OpenCL
0x00007fff5979e000 	/usr/lib/libFosl_dynamic.dylib
0x00007fff4f884000 	/System/Library/PrivateFrameworks/OTSVG.framework/Versions/A/OTSVG
0x00007fff2dac0000 	/System/Library/Frameworks/ApplicationServices.framework/Versions/A/Frameworks/ATS.framework/Versions/A/Resources/libFontParser.dylib
0x00007fff2dbe0000 	/System/Library/Frameworks/ApplicationServices.framework/Versions/A/Frameworks/ATS.framework/Versions/A/Resources/libFontRegistry.dylib
0x00007fff323b9000 	/System/Library/Frameworks/ImageIO.framework/Versions/A/Resources/libJPEG.dylib
0x00007fff326db000 	/System/Library/Frameworks/ImageIO.framework/Versions/A/Resources/libTIFF.dylib
0x00007fff326b1000 	/System/Library/Frameworks/ImageIO.framework/Versions/A/Resources/libPng.dylib
0x00007fff322ce000 	/System/Library/Frameworks/ImageIO.framework/Versions/A/Resources/libGIF.dylib
0x00007fff322d3000 	/System/Library/Frameworks/ImageIO.framework/Versions/A/Resources/libJP2.dylib
0x00007fff326d8000 	/System/Library/Frameworks/ImageIO.framework/Versions/A/Resources/libRadiance.dylib
0x00007fff3ffed000 	/System/Library/PrivateFrameworks/AppleJPEG.framework/Versions/A/AppleJPEG
0x00007fff38b72000 	/System/Library/Frameworks/OpenGL.framework/Versions/A/Libraries/libGFXShared.dylib
0x00007fff38d35000 	/System/Library/Frameworks/OpenGL.framework/Versions/A/Libraries/libGLU.dylib
0x00007fff38b7b000 	/System/Library/Frameworks/OpenGL.framework/Versions/A/Libraries/libGL.dylib
0x00007fff38b87000 	/System/Library/Frameworks/OpenGL.framework/Versions/A/Libraries/libGLImage.dylib
0x00007fff38b64000 	/System/Library/Frameworks/OpenGL.framework/Versions/A/Libraries/libCVMSPluginSupport.dylib
0x00007fff38b6d000 	/System/Library/Frameworks/OpenGL.framework/Versions/A/Libraries/libCoreVMClient.dylib
0x00007fff5a745000 	/usr/lib/libcups.2.dylib
0x00007fff337bf000 	/System/Library/Frameworks/Kerberos.framework/Versions/A/Kerberos
0x00007fff31d91000 	/System/Library/Frameworks/GSS.framework/Versions/A/GSS
0x00007fff5beaf000 	/usr/lib/libresolv.9.dylib
0x00007fff5a93c000 	/usr/lib/libiconv.2.dylib
0x00007fff4bfe2000 	/System/Library/PrivateFrameworks/Heimdal.framework/Versions/A/Heimdal
0x00007fff5a90b000 	/usr/lib/libheimdal-asn1.dylib
0x00007fff381f5000 	/System/Library/Frameworks/OpenDirectory.framework/Versions/A/OpenDirectory
0x00007fff4289b000 	/System/Library/PrivateFrameworks/CommonAuth.framework/Versions/A/CommonAuth
0x00007fff381d8000 	/System/Library/Frameworks/OpenDirectory.framework/Versions/A/Frameworks/CFOpenDirectory.framework/Versions/A/CFOpenDirectory
0x00007fff3b358000 	/System/Library/Frameworks/SecurityFoundation.framework/Versions/A/SecurityFoundation
0x00007fff3eaaf000 	/System/Library/PrivateFrameworks/APFS.framework/Versions/A/APFS
0x00007fff5c37f000 	/usr/lib/libutil.dylib
0x00007fff59de1000 	/usr/lib/libcharset.1.dylib
0x00007fff40286000 	/System/Library/PrivateFrameworks/AppleSauce.framework/Versions/A/AppleSauce
0x00007fff40414000 	/System/Library/PrivateFrameworks/AssertionServices.framework/Versions/A/AssertionServices
0x00007fff40c7b000 	/System/Library/PrivateFrameworks/BaseBoard.framework/Versions/A/BaseBoard
0x00007fff5ad10000 	/usr/lib/libmecab.1.0.0.dylib
0x00007fff5a905000 	/usr/lib/libgermantok.dylib
0x00007fff59ba3000 	/usr/lib/libThaiTokenizer.dylib
0x00007fff596ca000 	/usr/lib/libChineseTokenizer.dylib
0x00007fff4db65000 	/System/Library/PrivateFrameworks/LanguageModeling.framework/Versions/A/LanguageModeling
0x00007fff435a1000 	/System/Library/PrivateFrameworks/CoreEmoji.framework/Versions/A/CoreEmoji
0x00007fff4dc5d000 	/System/Library/PrivateFrameworks/Lexicon.framework/Versions/A/Lexicon
0x00007fff4dca5000 	/System/Library/PrivateFrameworks/LinguisticData.framework/Versions/A/LinguisticData
0x00007fff59de2000 	/usr/lib/libcmph.dylib
0x00007fff3b419000 	/System/Library/Frameworks/ServiceManagement.framework/Versions/A/ServiceManagement
0x00007fff40bce000 	/System/Library/PrivateFrameworks/BackgroundTaskManagement.framework/Versions/A/BackgroundTaskManagement
0x00007fff5c479000 	/usr/lib/libxslt.1.dylib
0x00007fff2ebaf000 	/System/Library/Frameworks/Carbon.framework/Versions/A/Frameworks/Ink.framework/Versions/A/Ink
0x00007fff5766b000 	/System/Library/PrivateFrameworks/TextureIO.framework/Versions/A/TextureIO
0x00007fff59bf8000 	/usr/lib/libate.dylib
0x00007fff448c9000 	/System/Library/PrivateFrameworks/CrashReporterSupport.framework/Versions/A/CrashReporterSupport
0x00007fff5469b000 	/System/Library/PrivateFrameworks/Sharing.framework/Versions/A/Sharing
0x00007fff4075a000 	/System/Library/PrivateFrameworks/AuthKit.framework/Versions/A/AuthKit
0x00007fff3fb8c000 	/System/Library/PrivateFrameworks/Apple80211.framework/Versions/A/Apple80211
0x00007fff4468f000 	/System/Library/PrivateFrameworks/CoreUtils.framework/Versions/A/CoreUtils
0x00007fff31471000 	/System/Library/Frameworks/CoreWLAN.framework/Versions/A/CoreWLAN
0x00007fff31eda000 	/System/Library/Frameworks/IOBluetooth.framework/Versions/A/IOBluetooth
0x00007fff52a05000 	/System/Library/PrivateFrameworks/ProtocolBuffer.framework/Versions/A/ProtocolBuffer
0x00007fff4ec6a000 	/System/Library/PrivateFrameworks/MobileKeyBag.framework/Versions/A/MobileKeyBag
0x00007fff43eb7000 	/System/Library/PrivateFrameworks/CorePhoneNumbers.framework/Versions/A/CorePhoneNumbers
0x00007fff3ffa1000 	/System/Library/PrivateFrameworks/AppleIDAuthSupport.framework/Versions/A/AppleIDAuthSupport
0x00007fff4db37000 	/System/Library/PrivateFrameworks/KeychainCircle.framework/Versions/A/KeychainCircle
0x00007fff52bd2000 	/System/Library/PrivateFrameworks/ROCKit.framework/Versions/A/ROCKit
0x00007fff44865000 	/System/Library/PrivateFrameworks/CoreWiFi.framework/Versions/A/CoreWiFi
0x00007fff2f11c000 	/System/Library/Frameworks/CoreBluetooth.framework/Versions/A/CoreBluetooth
0x00007fff44ab9000 	/System/Library/PrivateFrameworks/DebugSymbols.framework/Versions/A/DebugSymbols
0x00007fff44444000 	/System/Library/PrivateFrameworks/CoreSymbolication.framework/Versions/A/CoreSymbolication
0x00007fff56e59000 	/System/Library/PrivateFrameworks/Symbolication.framework/Versions/A/Symbolication
0x00007fff55feb000 	/System/Library/PrivateFrameworks/SpeechRecognitionCore.framework/Versions/A/SpeechRecognitionCore
0x000000010cc00000 	/private/var/folders/8z/mltn7s7x4vx75pd41wxy404r0000gq/T/AppTranslocation/BFD6081A-3DD8-4BED-883E-F33E546DD2F3/d/Android Studio.app/Contents/jre/jdk/Contents/Home/jre/lib/server/libjvm.dylib
0x00007fff5c243000 	/usr/lib/libstdc++.6.dylib
0x000000010c251000 	/private/var/folders/8z/mltn7s7x4vx75pd41wxy404r0000gq/T/AppTranslocation/BFD6081A-3DD8-4BED-883E-F33E546DD2F3/d/Android Studio.app/Contents/jre/jdk/Contents/Home/jre/lib/libverify.dylib
0x000000010c263000 	/private/var/folders/8z/mltn7s7x4vx75pd41wxy404r0000gq/T/AppTranslocation/BFD6081A-3DD8-4BED-883E-F33E546DD2F3/d/Android Studio.app/Contents/jre/jdk/Contents/Home/jre/lib/libjava.dylib
0x000000010c2f7000 	/private/var/folders/8z/mltn7s7x4vx75pd41wxy404r0000gq/T/AppTranslocation/BFD6081A-3DD8-4BED-883E-F33E546DD2F3/d/Android Studio.app/Contents/jre/jdk/Contents/Home/jre/lib/libzip.dylib
0x0000000110337000 	/private/var/folders/8z/mltn7s7x4vx75pd41wxy404r0000gq/T/AppTranslocation/BFD6081A-3DD8-4BED-883E-F33E546DD2F3/d/Android Studio.app/Contents/jre/jdk/Contents/Home/jre/lib/libnio.dylib
0x0000000110352000 	/private/var/folders/8z/mltn7s7x4vx75pd41wxy404r0000gq/T/AppTranslocation/BFD6081A-3DD8-4BED-883E-F33E546DD2F3/d/Android Studio.app/Contents/jre/jdk/Contents/Home/jre/lib/./libnet.dylib
0x0000000110c4f000 	/Users/lukakordzaia/.gradle/native/f6784746aeab05261644944871eae4fe03e0ef1612fff0a4a95f87b438bc6780/osx-amd64/libnative-platform.dylib
0x0000000110f8c000 	/private/var/folders/8z/mltn7s7x4vx75pd41wxy404r0000gq/T/AppTranslocation/BFD6081A-3DD8-4BED-883E-F33E546DD2F3/d/Android Studio.app/Contents/jre/jdk/Contents/Home/jre/lib/libmanagement.dylib
0x00000001272ee000 	/private/var/folders/8z/mltn7s7x4vx75pd41wxy404r0000gq/T/sqlite-3.25.2-15c6df7a-f421-4a66-afb6-04d4af734f7f-libsqlitejdbc.jnilib
0x0000000129f5b000 	/private/var/folders/8z/mltn7s7x4vx75pd41wxy404r0000gq/T/sqlite-3.25.2-ea7c4cea-1e46-4c9f-bbfe-5ed43c979ead-libsqlitejdbc.jnilib
0x000000012be6a000 	/private/var/folders/8z/mltn7s7x4vx75pd41wxy404r0000gq/T/sqlite-3.25.2-f39a0752-494e-4bf7-99bf-f6dfad9b4cb8-libsqlitejdbc.jnilib
0x000000012d588000 	/private/var/folders/8z/mltn7s7x4vx75pd41wxy404r0000gq/T/sqlite-3.25.2-ab89fd90-bc3b-4166-a93e-e236fefb03a4-libsqlitejdbc.jnilib
0x000000012b29a000 	/private/var/folders/8z/mltn7s7x4vx75pd41wxy404r0000gq/T/sqlite-3.25.2-73ddc933-a0cf-4dd2-b2aa-c27f6bb4b797-libsqlitejdbc.jnilib
0x0000000110a9e000 	/private/var/folders/8z/mltn7s7x4vx75pd41wxy404r0000gq/T/AppTranslocation/BFD6081A-3DD8-4BED-883E-F33E546DD2F3/d/Android Studio.app/Contents/jre/jdk/Contents/Home/jre/lib/libsunec.dylib
0x000000012ebf0000 	/private/var/folders/8z/mltn7s7x4vx75pd41wxy404r0000gq/T/sqlite-3.25.2-4ba66d43-39da-451b-a5fa-679125287ec3-libsqlitejdbc.jnilib
0x000000012f380000 	/private/var/folders/8z/mltn7s7x4vx75pd41wxy404r0000gq/T/sqlite-3.25.2-4f6031b8-d76e-4f14-b406-c907c08e174a-libsqlitejdbc.jnilib
0x00000001269f5000 	/private/var/folders/8z/mltn7s7x4vx75pd41wxy404r0000gq/T/AppTranslocation/BFD6081A-3DD8-4BED-883E-F33E546DD2F3/d/Android Studio.app/Contents/jre/jdk/Contents/Home/jre/lib/libawt.dylib
0x0000000126e0b000 	/private/var/folders/8z/mltn7s7x4vx75pd41wxy404r0000gq/T/AppTranslocation/BFD6081A-3DD8-4BED-883E-F33E546DD2F3/d/Android Studio.app/Contents/jre/jdk/Contents/Home/jre/lib/./libmlib_image.dylib
0x00007fff337a8000 	/System/Library/Frameworks/JavaVM.framework/Versions/A/Frameworks/JavaNativeFoundation.framework/Versions/A/JavaNativeFoundation
0x00007fff337b1000 	/System/Library/Frameworks/JavaVM.framework/Versions/A/Frameworks/JavaRuntimeSupport.framework/Versions/A/JavaRuntimeSupport
0x00007fff337ba000 	/System/Library/Frameworks/JavaVM.framework/Versions/A/JavaVM
0x00007fff4da4e000 	/System/Library/PrivateFrameworks/JavaLaunching.framework/Versions/A/JavaLaunching
0x00007fff2e898000 	/System/Library/Frameworks/Carbon.framework/Versions/A/Carbon
0x00007fff2e899000 	/System/Library/Frameworks/Carbon.framework/Versions/A/Frameworks/CommonPanels.framework/Versions/A/CommonPanels
0x00007fff2eba5000 	/System/Library/Frameworks/Carbon.framework/Versions/A/Frameworks/Help.framework/Versions/A/Help
0x00007fff2eba9000 	/System/Library/Frameworks/Carbon.framework/Versions/A/Frameworks/ImageCapture.framework/Versions/A/ImageCapture
0x00007fff2ec44000 	/System/Library/Frameworks/Carbon.framework/Versions/A/Frameworks/OpenScripting.framework/Versions/A/OpenScripting
0x00007fff2ec7f000 	/System/Library/Frameworks/Carbon.framework/Versions/A/Frameworks/Print.framework/Versions/A/Print
0x00007fff2ec81000 	/System/Library/Frameworks/Carbon.framework/Versions/A/Frameworks/SecurityHI.framework/Versions/A/SecurityHI
0x0000000127ae0000 	/private/var/folders/8z/mltn7s7x4vx75pd41wxy404r0000gq/T/AppTranslocation/BFD6081A-3DD8-4BED-883E-F33E546DD2F3/d/Android Studio.app/Contents/jre/jdk/Contents/Home/jre/lib/libawt_lwawt.dylib
0x00000001253ce000 	/private/var/folders/8z/mltn7s7x4vx75pd41wxy404r0000gq/T/AppTranslocation/BFD6081A-3DD8-4BED-883E-F33E546DD2F3/d/Android Studio.app/Contents/jre/jdk/Contents/Home/jre/lib/./libosxapp.dylib
0x00007fff3192a000 	/System/Library/Frameworks/ExceptionHandling.framework/Versions/A/ExceptionHandling
0x0000000110af9000 	/private/var/folders/8z/mltn7s7x4vx75pd41wxy404r0000gq/T/native-platform5713518130393940613dir/libnative-platform.dylib
0x000000013343e000 	/private/var/folders/8z/mltn7s7x4vx75pd41wxy404r0000gq/T/sqlite-3.25.2-0573d1b4-d4ab-40a3-bf4a-7de72770b233-libsqlitejdbc.jnilib
0x0000000134024000 	/private/var/folders/8z/mltn7s7x4vx75pd41wxy404r0000gq/T/sqlite-3.25.2-3d624ef8-8ecc-4fa6-8a00-77fef5912180-libsqlitejdbc.jnilib
0x000000013441a000 	/private/var/folders/8z/mltn7s7x4vx75pd41wxy404r0000gq/T/sqlite-3.25.2-ff975050-341a-470b-8ddd-126b881fea84-libsqlitejdbc.jnilib

VM Arguments:
jvm_args: -Xmx2048m -Dfile.encoding=UTF-8 -Duser.country=GE -Duser.language=en -Duser.variant 
java_command: org.gradle.launcher.daemon.bootstrap.GradleDaemon 6.5
java_class_path (initial): /Users/lukakordzaia/.gradle/wrapper/dists/gradle-6.5-all/2oz4ud9k3tuxjg84bbf55q0tn/gradle-6.5/lib/gradle-launcher-6.5.jar
Launcher Type: SUN_STANDARD

Environment Variables:
PATH=/usr/local/bin:/usr/bin:/bin:/usr/sbin:/sbin
SHELL=/bin/bash

Signal Handlers:
SIGSEGV: [libjvm.dylib+0x565c43], sa_mask[0]=11111111011111110111111111111111, sa_flags=SA_ONSTACK|SA_RESTART|SA_SIGINFO
SIGBUS: [libjvm.dylib+0x565c43], sa_mask[0]=11111111011111110111111111111111, sa_flags=SA_RESTART|SA_SIGINFO
SIGFPE: [libjvm.dylib+0x45dd9d], sa_mask[0]=11111111011111110111111111111111, sa_flags=SA_RESTART|SA_SIGINFO
SIGPIPE: [libjvm.dylib+0x45dd9d], sa_mask[0]=11111111011111110111111111111111, sa_flags=SA_RESTART|SA_SIGINFO
SIGXFSZ: [libjvm.dylib+0x45dd9d], sa_mask[0]=11111111011111110111111111111111, sa_flags=SA_RESTART|SA_SIGINFO
SIGILL: [libjvm.dylib+0x45dd9d], sa_mask[0]=11111111011111110111111111111111, sa_flags=SA_RESTART|SA_SIGINFO
SIGUSR1: SIG_DFL, sa_mask[0]=00000000000000000000000000000000, sa_flags=none
SIGUSR2: [libjvm.dylib+0x45e69c], sa_mask[0]=00100000000000000000000000000000, sa_flags=SA_RESTART|SA_SIGINFO
SIGHUP: [libjvm.dylib+0x45c8c1], sa_mask[0]=11111111011111110111111111111111, sa_flags=SA_RESTART|SA_SIGINFO
SIGINT: [libjvm.dylib+0x45c8c1], sa_mask[0]=11111111011111110111111111111111, sa_flags=SA_RESTART|SA_SIGINFO
SIGTERM: [libjvm.dylib+0x45c8c1], sa_mask[0]=11111111011111110111111111111111, sa_flags=SA_RESTART|SA_SIGINFO
SIGQUIT: [libjvm.dylib+0x45c8c1], sa_mask[0]=11111111011111110111111111111111, sa_flags=SA_RESTART|SA_SIGINFO


---------------  S Y S T E M  ---------------

OS:Bsduname:Darwin 18.0.0 Darwin Kernel Version 18.0.0: Wed Aug 22 20:13:40 PDT 2018; root:xnu-4903.201.2~1/RELEASE_X86_64 x86_64
rlimit: STACK 8192k, CORE 0k, NPROC 1418, NOFILE 10240, AS infinity
load average:3.97 2.96 2.58

CPU:total 4 (initial active 4) (4 cores per cpu, 1 threads per core) family 6 model 70 stepping 1, cmov, cx8, fxsr, mmx, sse, sse2, sse3, ssse3, sse4.1, sse4.2, popcnt, avx, avx2, aes, clmul, erms, lzcnt, tsc, tscinvbit, bmi1, bmi2

Memory: 4k page, physical 16777216k(333852k free)

/proc/meminfo:


vm_info: OpenJDK 64-Bit Server VM (25.242-b3-6915495) for bsd-amd64 JRE (1.8.0_242-release-1644-b3-6915495), built by "android-build" with gcc 4.2.1 Compatible Android (5484270 based on r353983c) Clang 9.0.3 (https://android.googlesource.com/toolchain/clang 745b335211bb9eadfa6aa6301f84715cee4b37c5) (https://android.googlesource.com/toolchain/llvm 60cf23e54e46c807513f7a36d0a7b777920b5881)

time: Mon Feb 15 17:22:23 2021
timezone: +04
elapsed time: 5665 seconds (0d 1h 34m 25s)

